"../../../Engine/Content/EditorBlueprintResources/StandardMacros.uasset" 0
"../../../Engine/Content/EngineSky/C_Sky_Cloud_Color.uasset" 1
"../../../Engine/Content/EngineSky/C_Sky_Horizon_Color.uasset" 2
"../../../Engine/Content/EngineSky/C_Sky_Zenith_Color.uasset" 3
"../../../Engine/Content/EngineSky/T_Sky_Blue.uasset" 4
"../../../Engine/Content/EngineSky/T_Sky_Clouds_M.uasset" 5
"../../../Engine/Content/EngineSky/T_Sky_Stars.uasset" 6
"../../../Engine/Content/EngineSky/SM_SkySphere.uasset" 7
"../../../Engine/Content/EngineSky/M_Sky_Panning_Clouds2.uasset" 8
"../../../Engine/Content/EngineSky/BP_Sky_Sphere.uasset" 9
"../../../Engine/Content/Functions/Engine_MaterialFunctions01/Opacity/CameraDepthFade.uasset" 10
"../../../Engine/Content/EngineMaterials/T_Default_Material_Grid_M.uasset" 11
"../../../Engine/Content/EngineMaterials/T_Default_Material_Grid_N.uasset" 12
"../../../Engine/Content/EngineMaterials/WorldGridMaterial.uasset" 13
"../../../Engine/Content/EngineMaterials/DefaultMaterial.uasset" 14
"../../../Engine/Content/MapTemplates/SM_Template_Map_Floor.uasset" 15
"../../../BGH/Content/Map.umap" 16
"../../../Engine/Content/EngineMaterials/DefaultDiffuse.uasset" 17
"../../../Engine/Content/EngineMaterials/DefaultNormal.uasset" 18
"../../../Engine/Content/Maps/Entry.umap" 19
"../../../BGH/Content/Map_Content/roguelikeDungeon_transparent.uasset" 20
"../../../BGH/Content/Map_Content/roguelikeDungeon_transparent_Sprite_3.uasset" 21
"../../../BGH/Content/Map_Content/roguelikeDungeon_transparent_Sprite_44.uasset" 22
"../../../BGH/Content/Map_Content/roguelikeDungeon_transparent_TileSet.uasset" 23
"../../../BGH/Content/Map_Content/Spider_Queen_Cave.uasset" 24
"../../../BGH/Content/Miscellaneous/Spiderling/FB_Gold_Spiderling_Idle_Down.uasset" 25
"../../../BGH/Content/Miscellaneous/Spiderling/Fother-spider.uasset" 26
"../../../BGH/Content/Miscellaneous/Spiderling/Fother-spider_Sprite_4.uasset" 27
"../../../BGH/Content/Miscellaneous/Spiderling/Fother-spider_Sprite_5.uasset" 28
"../../../BGH/Content/Miscellaneous/Spiderling/FB_SPiderling_Idle_Down.uasset" 29
"../../../Engine/Plugins/2D/Paper2D/Content/PlaceholderTextures/DummySpriteTexture.uasset" 30
"../../../Engine/Plugins/2D/Paper2D/Content/DefaultSpriteMaterial.uasset" 31
"../../../Engine/Plugins/2D/Paper2D/Content/TranslucentUnlitSpriteMaterial.uasset" 32
"../../../BGH/Content/Miscellaneous/web_complete.uasset" 33
"../../../BGH/Content/Miscellaneous/web_complete_Sprite_0.uasset" 34
"../../../BGH/Content/Miscellaneous/web_corner-_resized.uasset" 35
"../../../BGH/Content/Miscellaneous/web_corner-_resized_Sprite_0.uasset" 36
"../../../BGH/Content/Enchanted_Land.uasset" 37
"../../../BGH/Content/scroll.uasset" 38
"../../../BGH/Content/Spider_Cave/Spider_Cave_SideQuest.uasset" 39
"../../../BGH/Content/Spider_Cave/Spider_Queen_Cave.umap" 40
"../../../BGH/Content/antoan-simic-shelob-spider-t-crop.uasset" 41
"../../../BGH/Content/BGH_Club/free_high_res_texture_303.uasset" 42
"../../../BGH/Content/BGH_Club/I_Got_The_Beast.uasset" 43
"../../../BGH/Content/BGH_Club/Widget_Spider_Queen_Bounty.uasset" 44
"../../../BGH/Content/BGH_Club/Widget_Bounty_Menu.uasset" 45
"../../../BGH/Content/Innkeeper/innkeeper.uasset" 46
"../../../BGH/Content/Innkeeper/innkeeper_Sprite_14.uasset" 47
"../../../BGH/Content/Map_Content/roguelikeSheet_transparent.uasset" 48
"../../../BGH/Content/Map_Content/roguelikeSheet_transparent_TileSet.uasset" 49
"../../../BGH/Content/Map_Content/BGH_Club.uasset" 50
"../../../BGH/Content/interact_button.uasset" 51
"../../../BGH/Content/Widget_Interact.uasset" 52
"../../../BGH/Content/BGH_Club/BGH_Club.umap" 53
"../../../Engine/Content/EditorResources/S_Actor.uasset" 54
"../../../Engine/Content/Maps/Templates/Thumbnails/Default.uasset" 55
"../../../Engine/Content/EditorMaterials/ParticleSystems/PSysThumbnail_NoImage.uasset" 56
"../../../Engine/Content/EditorMaterials/ParticleSystems/PSysThumbnail_OOD.uasset" 57
"../../../Engine/Content/EditorLandscapeResources/DataLayer.uasset" 58
"../../../Engine/Content/EngineFonts/Roboto.uasset" 59
"../../../Engine/Content/Functions/Engine_MaterialFunctions01/Shading/PowerToRoughness.uasset" 60
"../../../Engine/Content/Functions/Engine_MaterialFunctions01/Shading/ConvertFromDiffSpec.uasset" 61
"../../../Engine/Content/EngineMaterials/DefaultDeferredDecalMaterial.uasset" 62
"../../../Engine/Content/EngineMaterials/DefaultLightFunctionMaterial.uasset" 63
"../../../Engine/Content/Functions/Engine_MaterialFunctions02/Utility/BreakOutFloat2Components.uasset" 64
"../../../Engine/Content/EngineMaterials/DefaultPostProcessMaterial.uasset" 65
"../../../Engine/Content/EngineResources/DefaultTexture.uasset" 66
"../../../Engine/Content/Functions/Engine_MaterialFunctions02/Texturing/ScreenAlignedUVs.uasset" 67
"../../../Engine/Content/EngineResources/WhiteSquareTexture.uasset" 68
"../../../Engine/Content/EngineMaterials/Widget3DPassThrough.uasset" 69
"../../../Engine/Content/EngineMaterials/Widget3DPassThrough_Translucent.uasset" 70
"../../../Engine/Content/EngineMaterials/Widget3DPassThrough_Translucent_OneSided.uasset" 71
"../../../Engine/Content/EngineMaterials/Widget3DPassThrough_Opaque.uasset" 72
"../../../Engine/Content/EngineMaterials/Widget3DPassThrough_Opaque_OneSided.uasset" 73
"../../../Engine/Content/EngineMaterials/Widget3DPassThrough_Masked.uasset" 74
"../../../Engine/Content/EngineMaterials/Widget3DPassThrough_Masked_OneSided.uasset" 75
"../../../Engine/Content/EngineDamageTypes/DmgTypeBP_Environmental.uasset" 76
"../../../Engine/Content/EngineMeshes/Sphere.uasset" 77
"../../../Engine/Content/EngineFonts/RobotoDistanceField.uasset" 78
"../../../Engine/Content/EngineMaterials/DefaultTextMaterialOpaque.uasset" 79
"../../../Engine/Content/EditorResources/S_Trigger.uasset" 80
"../../../Engine/Content/EngineResources/GradientTexture0.uasset" 81
"../../../Engine/Content/EngineResources/Black.uasset" 82
"../../../Engine/Content/EditorMaterials/MatineeGroups/MAT_Groups_Float.uasset" 83
"../../../Engine/Content/EditorMaterials/MatineeGroups/MAT_Groups_Director.uasset" 84
"../../../Engine/Content/EditorMaterials/MatineeGroups/MAT_Groups_Event.uasset" 85
"../../../Engine/Content/EditorMaterials/MatineeGroups/MAT_Groups_Anim.uasset" 86
"../../../Engine/Content/EditorMaterials/MatineeGroups/MAT_Groups_Fade.uasset" 87
"../../../Engine/Content/EditorMaterials/MatineeGroups/MAT_Groups_Move.uasset" 88
"../../../Engine/Content/EditorMaterials/MatineeGroups/MAT_Groups_Slomo.uasset" 89
"../../../Engine/Content/EditorMaterials/MatineeGroups/MAT_ColorTrack.uasset" 90
"../../../Engine/Content/EditorMaterials/MAT_Groups_Toggle.uasset" 91
"../../../Engine/Content/EditorMaterials/MatineeGroups/MAT_Groups_AudioMaster.uasset" 92
"../../../Engine/Content/EditorMaterials/MatineeGroups/MAT_Groups_Sound.uasset" 93
"../../../Engine/Content/EditorMaterials/MatineeGroups/MAT_Groups_Vector.uasset" 94
"../../../Engine/Content/EditorMaterials/MAT_Groups_Visibility.uasset" 95
"../../../Engine/Content/EngineResources/DefaultTextureCube.uasset" 96
"../../../Engine/Content/EngineMeshes/Cylinder.uasset" 97
"../../../Engine/Content/EngineTireTypes/DefaultTireType.uasset" 98
"../../../Engine/Content/EngineResources/AICON-Red.uasset" 99
"../../../Engine/Content/EngineResources/AICON-Green.uasset" 100
"../../../Engine/Content/Tutorial/Basics/LevelEditorAttract.uasset" 101
"../../../Engine/Content/Tutorial/Basics/TutorialAssets/icon_tab_Levels_40x.uasset" 102
"../../../Engine/Content/Tutorial/Basics/LevelEditorOverview.uasset" 103
"../../../Engine/Content/Tutorial/Landscape/TutorialAssets/Landscape.uasset" 104
"../../../Engine/Content/Tutorial/Landscape/Landscape_Painting_Mode.uasset" 105
"../../../Engine/Content/Tutorial/Landscape/Landscape_Sculpt_Mode.uasset" 106
"../../../Engine/Content/Tutorial/Landscape/Landscape_Manage_Mode.uasset" 107
"../../../Engine/Content/Tutorial/SubEditors/TutorialAssets/icon_ShowSkeletalMeshes_40x.uasset" 108
"../../../Engine/Content/Tutorial/SubEditors/TutorialAssets/Character/TutorialTPP_Mat.uasset" 109
"../../../Engine/Content/Tutorial/SubEditors/TutorialAssets/Character/TutorialTPP_PhysicsAsset.uasset" 110
"../../../Engine/Content/Tutorial/SubEditors/TutorialAssets/Character/TutorialTPP.uasset" 111
"../../../Engine/Content/Tutorial/SubEditors/TutorialAssets/Character/TutorialTPP_Skeleton.uasset" 112
"../../../Engine/Content/Tutorial/SubEditors/TutorialAssets/Character/Tutorial_Idle.uasset" 113
"../../../Engine/Content/Tutorial/SubEditors/TutorialAssets/Character/Tutorial_Walk_Fwd.uasset" 114
"../../../Engine/Content/Tutorial/SubEditors/TutorialAssets/Character/NewBlendSpace1D.uasset" 115
"../../../Engine/Content/Tutorial/SubEditors/TutorialAssets/Character/TutorialCharacter.uasset" 116
"../../../Engine/Content/Tutorial/SubEditors/TutorialAssets/Character/TutorialTPP_AnimBlueprint.uasset" 117
"../../../Engine/Content/Tutorial/SubEditors/PersonaAnimBlueprintEditorWalkthrough.uasset" 118
"../../../Engine/Content/Tutorial/SubEditors/PersonaAnimEditorWalkThrough.uasset" 119
"../../../Engine/Content/Tutorial/ContentIntroCurve.uasset" 120
"../../../Engine/Plugins/2D/Paper2D/Content/MaskedUnlitSpriteMaterial.uasset" 121
"../../../Engine/Plugins/2D/Paper2D/Content/OpaqueUnlitSpriteMaterial.uasset" 122
"../../../Engine/Plugins/2D/Paper2D/Content/DummySpriteTexture.uasset" 123
"../../../Engine/Plugins/2D/Paper2D/Content/DummySprite.uasset" 124
"../../../Engine/Plugins/2D/Paper2D/Content/DefaultPaperTerrainMaterial.uasset" 125
"../../../BGH/Content/Player_Content/download_walk.uasset" 126
"../../../BGH/Content/Player_Content/Player_Sprites/download_walk_Sprite_27.uasset" 127
"../../../BGH/Content/Player_Content/Player_Sprites/download_walk_Sprite_28.uasset" 128
"../../../BGH/Content/Player_Content/Player_Sprites/download_walk_Sprite_29.uasset" 129
"../../../BGH/Content/Player_Content/Player_Sprites/download_walk_Sprite_30.uasset" 130
"../../../BGH/Content/Player_Content/Player_Sprites/download_walk_Sprite_31.uasset" 131
"../../../BGH/Content/Player_Content/Player_Sprites/download_walk_Sprite_32.uasset" 132
"../../../BGH/Content/Player_Content/Player_Sprites/download_walk_Sprite_33.uasset" 133
"../../../BGH/Content/Player_Content/Player_Sprites/download_walk_Sprite_34.uasset" 134
"../../../BGH/Content/Player_Content/Player_Sprites/download_walk_Sprite_35.uasset" 135
"../../../BGH/Content/Player_Content/Player_Sprites/Player_FB/Walk_Side_Right.uasset" 136
"../../../BGH/Content/Player_Content/Player_Sprites/download_walk_Sprite_1.uasset" 137
"../../../BGH/Content/Player_Content/Player_Sprites/download_walk_Sprite_2.uasset" 138
"../../../BGH/Content/Player_Content/Player_Sprites/download_walk_Sprite_3.uasset" 139
"../../../BGH/Content/Player_Content/Player_Sprites/download_walk_Sprite_4.uasset" 140
"../../../BGH/Content/Player_Content/Player_Sprites/download_walk_Sprite_5.uasset" 141
"../../../BGH/Content/Player_Content/Player_Sprites/download_walk_Sprite_6.uasset" 142
"../../../BGH/Content/Player_Content/Player_Sprites/download_walk_Sprite_7.uasset" 143
"../../../BGH/Content/Player_Content/Player_Sprites/download_walk_Sprite_8.uasset" 144
"../../../BGH/Content/Player_Content/Player_Sprites/Player_FB/Walk_Up.uasset" 145
"../../../BGH/Content/Player_Content/Player_Sprites/download_walk_Sprite_18.uasset" 146
"../../../BGH/Content/Player_Content/Player_Sprites/download_walk_Sprite_19.uasset" 147
"../../../BGH/Content/Player_Content/Player_Sprites/download_walk_Sprite_20.uasset" 148
"../../../BGH/Content/Player_Content/Player_Sprites/download_walk_Sprite_21.uasset" 149
"../../../BGH/Content/Player_Content/Player_Sprites/download_walk_Sprite_22.uasset" 150
"../../../BGH/Content/Player_Content/Player_Sprites/download_walk_Sprite_23.uasset" 151
"../../../BGH/Content/Player_Content/Player_Sprites/download_walk_Sprite_24.uasset" 152
"../../../BGH/Content/Player_Content/Player_Sprites/download_walk_Sprite_25.uasset" 153
"../../../BGH/Content/Player_Content/Player_Sprites/download_walk_Sprite_26.uasset" 154
"../../../BGH/Content/Player_Content/Player_Sprites/Player_FB/Walk_Down.uasset" 155
"../../../BGH/Content/Player_Content/download_bow_and_shield.uasset" 156
"../../../BGH/Content/Player_Content/Player_Sprites/download_bow_and_shield_Sprite_14.uasset" 157
"../../../BGH/Content/Player_Content/Player_Sprites/download_bow_and_shield_Sprite_15.uasset" 158
"../../../BGH/Content/Player_Content/Player_Sprites/Player_FB/Idle_Down.uasset" 159
"../../../BGH/Content/Player_Content/Player_Sprites/download_bow_and_shield_Sprite_0.uasset" 160
"../../../BGH/Content/Player_Content/Player_Sprites/download_bow_and_shield_Sprite_1.uasset" 161
"../../../BGH/Content/Player_Content/Player_Sprites/Player_FB/Idle_Up.uasset" 162
"../../../BGH/Content/Player_Content/Player_Sprites/download_bow_and_shield_Sprite_7.uasset" 163
"../../../BGH/Content/Player_Content/Player_Sprites/download_bow_and_shield_Sprite_8.uasset" 164
"../../../BGH/Content/Player_Content/Player_Sprites/Player_FB/Idle_Left.uasset" 165
"../../../BGH/Content/Player_Content/Player_Sprites/download_bow_and_shield_Sprite_21.uasset" 166
"../../../BGH/Content/Player_Content/Player_Sprites/download_bow_and_shield_Sprite_22.uasset" 167
"../../../BGH/Content/Player_Content/Player_Sprites/Player_FB/Idle_Right.uasset" 168
"../../../BGH/Content/Player_Content/downloads_sword_saber.uasset" 169
"../../../BGH/Content/Player_Content/Player_Sprites/downloads_sword_saber_Sprite_13.uasset" 170
"../../../BGH/Content/Player_Content/Player_Sprites/downloads_sword_saber_Sprite_14.uasset" 171
"../../../BGH/Content/Player_Content/Player_Sprites/downloads_sword_saber_Sprite_15.uasset" 172
"../../../BGH/Content/Player_Content/Player_Sprites/downloads_sword_saber_Sprite_16.uasset" 173
"../../../BGH/Content/Player_Content/Player_Sprites/downloads_sword_saber_Sprite_17.uasset" 174
"../../../BGH/Content/Player_Content/Player_Sprites/downloads_sword_saber_Sprite_18.uasset" 175
"../../../BGH/Content/Player_Content/Player_Sprites/Player_FB/Sword_Attack_Down.uasset" 176
"../../../BGH/Content/Player_Content/Player_Sprites/downloads_sword_saber_Sprite_19.uasset" 177
"../../../BGH/Content/Player_Content/Player_Sprites/downloads_sword_saber_Sprite_20.uasset" 178
"../../../BGH/Content/Player_Content/Player_Sprites/downloads_sword_saber_Sprite_21.uasset" 179
"../../../BGH/Content/Player_Content/Player_Sprites/downloads_sword_saber_Sprite_22.uasset" 180
"../../../BGH/Content/Player_Content/Player_Sprites/downloads_sword_saber_Sprite_23.uasset" 181
"../../../BGH/Content/Player_Content/Player_Sprites/downloads_sword_saber_Sprite_24.uasset" 182
"../../../BGH/Content/Player_Content/Player_Sprites/Player_FB/Sword_Attack_Right.uasset" 183
"../../../BGH/Content/Player_Content/Player_Sprites/download_bow_and_shield_Sprite_133.uasset" 184
"../../../BGH/Content/Player_Content/Player_Sprites/download_bow_and_shield_Sprite_134.uasset" 185
"../../../BGH/Content/Player_Content/Player_Sprites/download_bow_and_shield_Sprite_135.uasset" 186
"../../../BGH/Content/Player_Content/Player_Sprites/download_bow_and_shield_Sprite_136.uasset" 187
"../../../BGH/Content/Player_Content/Player_Sprites/download_bow_and_shield_Sprite_137.uasset" 188
"../../../BGH/Content/Player_Content/Player_Sprites/download_bow_and_shield_Sprite_138.uasset" 189
"../../../BGH/Content/Player_Content/Player_Sprites/download_bow_and_shield_Sprite_139.uasset" 190
"../../../BGH/Content/Player_Content/Player_Sprites/download_bow_and_shield_Sprite_140.uasset" 191
"../../../BGH/Content/Player_Content/Player_Sprites/download_bow_and_shield_Sprite_141.uasset" 192
"../../../BGH/Content/Player_Content/Player_Sprites/download_bow_and_shield_Sprite_142.uasset" 193
"../../../BGH/Content/Player_Content/Player_Sprites/download_bow_and_shield_Sprite_143.uasset" 194
"../../../BGH/Content/Player_Content/Player_Sprites/download_bow_and_shield_Sprite_144.uasset" 195
"../../../BGH/Content/Player_Content/Player_Sprites/download_bow_and_shield_Sprite_145.uasset" 196
"../../../BGH/Content/Player_Content/Player_Sprites/Player_FB/Bow_Attack_Left.uasset" 197
"../../../BGH/Content/Player_Content/Player_Sprites/download_bow_and_shield_Sprite_159.uasset" 198
"../../../BGH/Content/Player_Content/Player_Sprites/download_bow_and_shield_Sprite_160.uasset" 199
"../../../BGH/Content/Player_Content/Player_Sprites/download_bow_and_shield_Sprite_161.uasset" 200
"../../../BGH/Content/Player_Content/Player_Sprites/download_bow_and_shield_Sprite_162.uasset" 201
"../../../BGH/Content/Player_Content/Player_Sprites/download_bow_and_shield_Sprite_163.uasset" 202
"../../../BGH/Content/Player_Content/Player_Sprites/download_bow_and_shield_Sprite_164.uasset" 203
"../../../BGH/Content/Player_Content/Player_Sprites/download_bow_and_shield_Sprite_165.uasset" 204
"../../../BGH/Content/Player_Content/Player_Sprites/download_bow_and_shield_Sprite_166.uasset" 205
"../../../BGH/Content/Player_Content/Player_Sprites/download_bow_and_shield_Sprite_167.uasset" 206
"../../../BGH/Content/Player_Content/Player_Sprites/download_bow_and_shield_Sprite_168.uasset" 207
"../../../BGH/Content/Player_Content/Player_Sprites/download_bow_and_shield_Sprite_169.uasset" 208
"../../../BGH/Content/Player_Content/Player_Sprites/download_bow_and_shield_Sprite_170.uasset" 209
"../../../BGH/Content/Player_Content/Player_Sprites/download_bow_and_shield_Sprite_171.uasset" 210
"../../../BGH/Content/Player_Content/Player_Sprites/Player_FB/Bow_Attack_Right.uasset" 211
"../../../BGH/Content/Player_Content/Player_Sprites/download_bow_and_shield_Sprite_146.uasset" 212
"../../../BGH/Content/Player_Content/Player_Sprites/download_bow_and_shield_Sprite_147.uasset" 213
"../../../BGH/Content/Player_Content/Player_Sprites/download_bow_and_shield_Sprite_148.uasset" 214
"../../../BGH/Content/Player_Content/Player_Sprites/download_bow_and_shield_Sprite_149.uasset" 215
"../../../BGH/Content/Player_Content/Player_Sprites/download_bow_and_shield_Sprite_150.uasset" 216
"../../../BGH/Content/Player_Content/Player_Sprites/download_bow_and_shield_Sprite_151.uasset" 217
"../../../BGH/Content/Player_Content/Player_Sprites/download_bow_and_shield_Sprite_152.uasset" 218
"../../../BGH/Content/Player_Content/Player_Sprites/download_bow_and_shield_Sprite_153.uasset" 219
"../../../BGH/Content/Player_Content/Player_Sprites/download_bow_and_shield_Sprite_154.uasset" 220
"../../../BGH/Content/Player_Content/Player_Sprites/download_bow_and_shield_Sprite_155.uasset" 221
"../../../BGH/Content/Player_Content/Player_Sprites/download_bow_and_shield_Sprite_156.uasset" 222
"../../../BGH/Content/Player_Content/Player_Sprites/download_bow_and_shield_Sprite_157.uasset" 223
"../../../BGH/Content/Player_Content/Player_Sprites/download_bow_and_shield_Sprite_158.uasset" 224
"../../../BGH/Content/Player_Content/Player_Sprites/Player_FB/Bow_Attack_Down.uasset" 225
"../../../BGH/Content/Player_Content/character_HUD.uasset" 226
"../../../BGH/Content/Miscellaneous/psdx-sheet-chest.uasset" 227
"../../../BGH/Content/Miscellaneous/psdx-sheet-chest_Sprite_0.uasset" 228
"../../../BGH/Content/Miscellaneous/psdx-sheet-chest_Sprite_1.uasset" 229
"../../../BGH/Content/Miscellaneous/psdx-sheet-chest_Sprite_2.uasset" 230
"../../../BGH/Content/Miscellaneous/psdx-sheet-chest_Sprite_3.uasset" 231
"../../../BGH/Content/Miscellaneous/FB_Open_Treasure.uasset" 232
"../../../Engine/Plugins/Runtime/LeapMotionController/Content/LM_CapsuleMesh.uasset" 233
"../../../Engine/Plugins/Runtime/LeapMotionController/Content/LM_TorusMesh.uasset" 234
"../../../Engine/Plugins/Runtime/LeapMotionController/Content/LM_HandColor.uasset" 235
"../../../Engine/Plugins/Runtime/LeapMotionController/Content/LM_SampleDistortion.uasset" 236
"../../../Engine/Plugins/Runtime/LeapMotionController/Content/LM_TestTexture.uasset" 237
"../../../Engine/Plugins/Runtime/LeapMotionController/Content/LM_PassthroughMaterial.uasset" 238
"../../../Engine/Content/BasicShapes/Cube.uasset" 239
"../../../Engine/Content/EngineMaterials/RemoveSurfaceMaterial.uasset" 240
"../../../Engine/Content/EngineDebugMaterials/DebugMeshMaterial.uasset" 241
"../../../Engine/Content/EngineMaterials/InvalidLightmapSettings.uasset" 242
"../../../Engine/Content/EngineMaterials/M_InvalidLightmapSettings.uasset" 243
"../../../Engine/Content/EditorMaterials/GizmoMaterial.uasset" 244
"../../../Engine/Content/EngineMaterials/Good64x64TilingNoiseHighFreq.uasset" 245
"../../../Engine/Content/EngineMaterials/DefaultBokeh.uasset" 246
"../../../Engine/Content/EngineMaterials/PreintegratedSkinBRDF.uasset" 247
"../../../Engine/Content/EngineMaterials/MiniFont.uasset" 248
"../../../Engine/Content/EngineMaterials/WeightMapPlaceholderTexture.uasset" 249
"../../../Engine/Content/EngineMaterials/DefaultWhiteGrid.uasset" 250
"../../../Engine/Content/EngineMaterials/DefaultPhysicalMaterial.uasset" 251
"../../../Engine/Content/EngineFonts/RobotoTiny.uasset" 252
"../../../Engine/Content/MobileResources/HUD/MobileHUDDirectionPad.uasset" 253
"../../../BGH/Content/BountyMenu.uasset" 254
"../../../Engine/Content/MobileResources/HUD/MobileHUDButtonFire.uasset" 255
"../../../BGH/Content/Miscellaneous/Spiderling/Fother-spider_Sprite_0.uasset" 256
"../../../BGH/Content/Miscellaneous/Spiderling/Fother-spider_Sprite_1.uasset" 257
"../../../BGH/Content/Miscellaneous/Spiderling/Fother-spider_Sprite_2.uasset" 258
"../../../BGH/Content/Miscellaneous/Spiderling/Fother-spider_Sprite_3.uasset" 259
"../../../BGH/Content/Miscellaneous/Spiderling/FB_Spiderling_Walk_Down.uasset" 260
"../../../BGH/Content/Miscellaneous/Spiderling/Fother-spider_Sprite_10.uasset" 261
"../../../BGH/Content/Miscellaneous/Spiderling/Fother-spider_Sprite_11.uasset" 262
"../../../BGH/Content/Miscellaneous/Spiderling/Fother-spider_Sprite_12.uasset" 263
"../../../BGH/Content/Miscellaneous/Spiderling/Fother-spider_Sprite_13.uasset" 264
"../../../BGH/Content/Miscellaneous/Spiderling/Fother-spider_Sprite_14.uasset" 265
"../../../BGH/Content/Miscellaneous/Spiderling/Fother-spider_Sprite_15.uasset" 266
"../../../BGH/Content/Miscellaneous/Spiderling/Fother-spider_Sprite_16.uasset" 267
"../../../BGH/Content/Miscellaneous/Spiderling/Fother-spider_Sprite_17.uasset" 268
"../../../BGH/Content/Miscellaneous/Spiderling/Fother-spider_Sprite_18.uasset" 269
"../../../BGH/Content/Miscellaneous/Spiderling/Fother-spider_Sprite_19.uasset" 270
"../../../BGH/Content/Spider_Queen_Cave.uasset" 271
"../../../Engine/Content/EditorResources/EmptyActor.uasset" 272
"../../../Engine/Content/MobileResources/HUD/VirtualJoystick_Background.uasset" 273
"../../../Engine/Content/MobileResources/HUD/VirtualJoystick_Thumb.uasset" 274
"../../../Engine/Content/MobileResources/HUD/DefaultVirtualJoysticks.uasset" 275
"../../../Engine/Content/MobileResources/HUD/AnalogHat.uasset" 276
"../../../BGH/Content/free_high_res_texture_303.uasset" 277
"../../../Engine/Content/MobileResources/HUD/T_Castle_ThumbstickInner.uasset" 278
"../../../Engine/Content/MobileResources/HUD/MobileHUDDirectionStick.uasset" 279
"../../../Engine/Content/MobileResources/HUD/MobileHUDDirectionPad3.uasset" 280
"../../../Engine/Content/MobileResources/HUD/MobileHUDButton1_on.uasset" 281
"../../../Engine/Content/MobileResources/T_MobileControls_texture.uasset" 282
"../../../BGH/Content/Miscellaneous/Halloween_Large_Spider_Web_PNG_Clipart.uasset" 283
"../../../BGH/Content/Miscellaneous/Halloween_Large_Spider_Web_PNG_Clipart_Sprite_0.uasset" 284
"../../../Engine/Content/MobileResources/HUD/LeftVirtualJoystickOnly.uasset" 285
"../../../Engine/Content/MobileResources/T_MobileMenu2.uasset" 286
"../../../Engine/Content/MobileResources/HUD/MobileHUDButton1_off.uasset" 287
"../../../Engine/Content/MobileResources/HUD/MobileHUDButton2_off.uasset" 288
"../../../Engine/Content/MobileResources/HUD/MobileHUDButton2_on.uasset" 289
"../../../Engine/Content/MobileResources/HUD/T_Castle_ThumbstickOutter.uasset" 290
"../../../Engine/Content/MobileResources/HUD/MobileHUDDirectionPad2.uasset" 291
"../../../Engine/Content/MobileResources/HUD/MobileHUDButton3.uasset" 292
"../../../Engine/Content/EditorMaterials/PhAT_JointLimitMaterial.uasset" 293
"../../../Engine/Content/EditorMaterials/PreviewShadowIndicator.uasset" 294
"../../../Engine/Content/EditorMaterials/PreviewShadowIndicatorMaterial.uasset" 295
"../../../Engine/Content/EditorMeshes/ColorCalibrator/M_ChromeBall.uasset" 296
"../../../Engine/Content/EditorMeshes/ColorCalibrator/M_ClearCoat.uasset" 297
"../../../Engine/Content/EditorMeshes/ColorCalibrator/M_ClearCoatBlack.uasset" 298
"../../../Engine/Content/EditorMeshes/ColorCalibrator/T_ColorGrid.uasset" 299
"../../../Engine/Content/EditorMeshes/ColorCalibrator/M_ColorGrid.uasset" 300
"../../../Engine/Content/EditorMeshes/ColorCalibrator/M_GreyBall.uasset" 301
"../../../Engine/Content/EditorMeshes/ColorCalibrator/SM_ColorCalibrator.uasset" 302
"../../../Engine/Content/EditorResources/BSPVertex.uasset" 303
"../../../Engine/Content/EngineDebugMaterials/HeatmapGradient.uasset" 304
"../../../Engine/Content/EngineDebugMaterials/BoneWeightMaterial.uasset" 305
"../../../Engine/Content/EngineDebugMaterials/GeomMaterial.uasset" 306
"../../../Engine/Content/EngineMaterials/EditorBrushMaterial.uasset" 307
"../../../Engine/Content/Tutorial/BlueprintTutorials/TutorialAssets/Blueprint_64x.uasset" 308
"../../../Engine/Content/Tutorial/BlueprintTutorials/BlueprintEditorTutorial.uasset" 309
"../../../Engine/Content/Tutorial/BlueprintTutorials/TutorialAssets/BlueprintInterface_64x.uasset" 310
"../../../Engine/Content/Tutorial/BlueprintTutorials/TutorialAssets/Tutorial_BP_Interface.uasset" 311
"../../../Engine/Content/Tutorial/BlueprintTutorials/BlueprintInterfacesEditorOverview.uasset" 312
"../../../Engine/Content/Tutorial/BlueprintTutorials/TutorialAssets/BlueprintMacroLibrary_64x.uasset" 313
"../../../Engine/Content/Tutorial/BlueprintTutorials/TutorialAssets/Tutorial_BP_MacroLib.uasset" 314
"../../../Engine/Content/Tutorial/BlueprintTutorials/BlueprintMacroLibrariesEditorOverview.uasset" 315
"../../../Engine/Content/Tutorial/BlueprintTutorials/LevelBlueprintEditorOverview.uasset" 316
"../../../Engine/Content/Tutorial/Foliage/TutorialAssets/Foliage.uasset" 317
"../../../Engine/Content/Tutorial/Foliage/Foliage_Settings_Tutorial.uasset" 318
"../../../Engine/Content/Tutorial/Foliage/Foliage_Using_The_Tool_Tutorial.uasset" 319
"../../../Engine/Content/Tutorial/Foliage/Foliage_Intro_Tutorial.uasset" 320
"../../../Engine/Content/Tutorial/Paper2D/TutorialAssets/Paper2DFlipbook_TutorialIcon.uasset" 321
"../../../Engine/Content/Tutorial/Paper2D/FlipbookEditorTutorial.uasset" 322
"../../../Engine/Content/Tutorial/Paper2D/TutorialAssets/Paper2DSprite_TutorialIcon.uasset" 323
"../../../Engine/Content/Tutorial/Paper2D/SpriteEditorTutorial.uasset" 324
"../../../Engine/Content/EditorMeshes/EditorCube.uasset" 325
"../../../Engine/Content/Tutorial/SubEditors/TutorialAssets/Tutorial_DM.uasset" 326
"../../../Engine/Content/Tutorial/SubEditors/DestructibleMeshEditorTutorial.uasset" 327
"../../../Engine/Content/Tutorial/SubEditors/TutorialAssets/TutorialMaterial.uasset" 328
"../../../Engine/Content/Tutorial/SubEditors/MaterialEditorTutorial.uasset" 329
"../../../Engine/Content/Tutorial/SubEditors/TutorialAssets/T_SmokeSubUV_8X8.uasset" 330
"../../../Engine/Content/Tutorial/SubEditors/TutorialAssets/T_soft_smoke.uasset" 331
"../../../Engine/Content/Tutorial/SubEditors/TutorialAssets/M_smoke_subUV_blackbody.uasset" 332
"../../../Engine/Content/Tutorial/SubEditors/TutorialAssets/TutorialParticleSystem.uasset" 333
"../../../Engine/Content/Tutorial/SubEditors/ParticleSystemEditorTutorial.uasset" 334
"../../../Engine/Content/EngineMeshes/Cube.uasset" 335
"../../../Engine/Content/Tutorial/SubEditors/StaticMeshEditorTutorial.uasset" 336
"../../../Engine/Content/Tutorial/SubEditors/TutorialAssets/icon_Editor_Preferences_General_40x.uasset" 337
"../../../BGH/Content/BGH_Club.uasset" 338
"../../../BGH/Content/Innkeeper/inkeeper.uasset" 339
"../../../BGH/Content/Innkeeper/inkeeper_Sprite_14.uasset" 340
"../../../BGH/Content/Map_Content/roguelikeDungeon_transparent_Sprite_0.uasset" 341
"../../../BGH/Content/Map_Content/roguelikeDungeon_transparent_Sprite_1.uasset" 342
"../../../BGH/Content/Map_Content/roguelikeDungeon_transparent_Sprite_121.uasset" 343
"../../../BGH/Content/Map_Content/roguelikeDungeon_transparent_Sprite_122.uasset" 344
"../../../BGH/Content/Map_Content/roguelikeDungeon_transparent_Sprite_123.uasset" 345
"../../../BGH/Content/Map_Content/roguelikeDungeon_transparent_Sprite_124.uasset" 346
"../../../BGH/Content/Map_Content/roguelikeDungeon_transparent_Sprite_125.uasset" 347
"../../../BGH/Content/Map_Content/roguelikeDungeon_transparent_Sprite_126.uasset" 348
"../../../BGH/Content/Map_Content/roguelikeDungeon_transparent_Sprite_127.uasset" 349
"../../../BGH/Content/Map_Content/roguelikeDungeon_transparent_Sprite_128.uasset" 350
"../../../BGH/Content/Map_Content/roguelikeDungeon_transparent_Sprite_129.uasset" 351
"../../../BGH/Content/Map_Content/roguelikeDungeon_transparent_Sprite_130.uasset" 352
"../../../BGH/Content/Map_Content/roguelikeDungeon_transparent_Sprite_131.uasset" 353
"../../../BGH/Content/Map_Content/roguelikeDungeon_transparent_Sprite_132.uasset" 354
"../../../BGH/Content/Map_Content/roguelikeDungeon_transparent_Sprite_133.uasset" 355
"../../../BGH/Content/Map_Content/roguelikeDungeon_transparent_Sprite_134.uasset" 356
"../../../BGH/Content/Map_Content/roguelikeDungeon_transparent_Sprite_135.uasset" 357
"../../../BGH/Content/Map_Content/roguelikeDungeon_transparent_Sprite_136.uasset" 358
"../../../BGH/Content/Map_Content/roguelikeDungeon_transparent_Sprite_137.uasset" 359
"../../../BGH/Content/Map_Content/roguelikeDungeon_transparent_Sprite_138.uasset" 360
"../../../BGH/Content/Map_Content/roguelikeDungeon_transparent_Sprite_2.uasset" 361
"../../../BGH/Content/Map_Content/roguelikeDungeon_transparent_Sprite_4.uasset" 362
"../../../BGH/Content/Map_Content/roguelikeDungeon_transparent_Sprite_41.uasset" 363
"../../../BGH/Content/Map_Content/roguelikeDungeon_transparent_Sprite_42.uasset" 364
"../../../BGH/Content/Map_Content/roguelikeDungeon_transparent_Sprite_43.uasset" 365
"../../../BGH/Content/Map_Content/roguelikeDungeon_transparent_Sprite_45.uasset" 366
"../../../BGH/Content/Map_Content/roguelikeDungeon_transparent_Sprite_46.uasset" 367
"../../../BGH/Content/Map_Content/roguelikeDungeon_transparent_Sprite_47.uasset" 368
"../../../BGH/Content/Map_Content/roguelikeDungeon_transparent_Sprite_5.uasset" 369
"../../../BGH/Content/Map_Content/roguelikeDungeon_transparent_Sprite_6.uasset" 370
"../../../BGH/Content/Map_Content/roguelikeDungeon_transparent_Sprite_84.uasset" 371
"../../../BGH/Content/Map_Content/roguelikeDungeon_transparent_Sprite_85.uasset" 372
"../../../BGH/Content/Map_Content/roguelikeDungeon_transparent_Sprite_86.uasset" 373
"../../../BGH/Content/Map_Content/roguelikeDungeon_transparent_Sprite_87.uasset" 374
"../../../BGH/Content/Miscellaneous/Spiderling/Fother-spider_Sprite_20.uasset" 375
"../../../BGH/Content/Miscellaneous/Spiderling/Fother-spider_Sprite_21.uasset" 376
"../../../BGH/Content/Miscellaneous/Spiderling/Fother-spider_Sprite_22.uasset" 377
"../../../BGH/Content/Miscellaneous/Spiderling/Fother-spider_Sprite_23.uasset" 378
"../../../BGH/Content/Miscellaneous/Spiderling/Fother-spider_Sprite_24.uasset" 379
"../../../BGH/Content/Miscellaneous/Spiderling/Fother-spider_Sprite_25.uasset" 380
"../../../BGH/Content/Miscellaneous/Spiderling/Fother-spider_Sprite_26.uasset" 381
"../../../BGH/Content/Miscellaneous/Spiderling/Fother-spider_Sprite_27.uasset" 382
"../../../BGH/Content/Miscellaneous/Spiderling/Fother-spider_Sprite_6.uasset" 383
"../../../BGH/Content/Miscellaneous/Spiderling/Fother-spider_Sprite_7.uasset" 384
"../../../BGH/Content/Miscellaneous/Spiderling/Fother-spider_Sprite_8.uasset" 385
"../../../BGH/Content/Miscellaneous/Spiderling/Fother-spider_Sprite_9.uasset" 386
"../../../BGH/Content/Player_Content/download_arrow.uasset" 387
"../../../BGH/Content/Player_Content/Player_Sprites/download_arrow_Sprite_0.uasset" 388
"../../../BGH/Content/Player_Content/download_arrow_Sprite_0.uasset" 389
"../../../BGH/Content/Player_Content/Player_Sprites/download_bow_and_shield_Sprite_10.uasset" 390
"../../../BGH/Content/Player_Content/Player_Sprites/download_bow_and_shield_Sprite_100.uasset" 391
"../../../BGH/Content/Player_Content/Player_Sprites/download_bow_and_shield_Sprite_101.uasset" 392
"../../../BGH/Content/Player_Content/Player_Sprites/download_bow_and_shield_Sprite_102.uasset" 393
"../../../BGH/Content/Player_Content/Player_Sprites/download_bow_and_shield_Sprite_103.uasset" 394
"../../../BGH/Content/Player_Content/Player_Sprites/download_bow_and_shield_Sprite_104.uasset" 395
"../../../BGH/Content/Player_Content/Player_Sprites/download_bow_and_shield_Sprite_105.uasset" 396
"../../../BGH/Content/Player_Content/Player_Sprites/download_bow_and_shield_Sprite_106.uasset" 397
"../../../BGH/Content/Player_Content/Player_Sprites/download_bow_and_shield_Sprite_107.uasset" 398
"../../../BGH/Content/Player_Content/Player_Sprites/download_bow_and_shield_Sprite_108.uasset" 399
"../../../BGH/Content/Player_Content/Player_Sprites/download_bow_and_shield_Sprite_109.uasset" 400
"../../../BGH/Content/Player_Content/Player_Sprites/download_bow_and_shield_Sprite_11.uasset" 401
"../../../BGH/Content/Player_Content/Player_Sprites/download_bow_and_shield_Sprite_110.uasset" 402
"../../../BGH/Content/Player_Content/Player_Sprites/download_bow_and_shield_Sprite_111.uasset" 403
"../../../BGH/Content/Player_Content/Player_Sprites/download_bow_and_shield_Sprite_112.uasset" 404
"../../../BGH/Content/Player_Content/Player_Sprites/download_bow_and_shield_Sprite_113.uasset" 405
"../../../BGH/Content/Player_Content/Player_Sprites/download_bow_and_shield_Sprite_114.uasset" 406
"../../../BGH/Content/Player_Content/Player_Sprites/download_bow_and_shield_Sprite_115.uasset" 407
"../../../BGH/Content/Player_Content/Player_Sprites/download_bow_and_shield_Sprite_116.uasset" 408
"../../../BGH/Content/Player_Content/Player_Sprites/download_bow_and_shield_Sprite_117.uasset" 409
"../../../BGH/Content/Player_Content/Player_Sprites/download_bow_and_shield_Sprite_118.uasset" 410
"../../../BGH/Content/Player_Content/Player_Sprites/download_bow_and_shield_Sprite_119.uasset" 411
"../../../BGH/Content/Player_Content/Player_Sprites/download_bow_and_shield_Sprite_12.uasset" 412
"../../../BGH/Content/Player_Content/Player_Sprites/download_bow_and_shield_Sprite_13.uasset" 413
"../../../BGH/Content/Player_Content/Player_Sprites/download_bow_and_shield_Sprite_16.uasset" 414
"../../../BGH/Content/Player_Content/Player_Sprites/download_bow_and_shield_Sprite_17.uasset" 415
"../../../BGH/Content/Player_Content/Player_Sprites/download_bow_and_shield_Sprite_18.uasset" 416
"../../../BGH/Content/Player_Content/Player_Sprites/download_bow_and_shield_Sprite_19.uasset" 417
"../../../BGH/Content/Player_Content/Player_Sprites/download_bow_and_shield_Sprite_2.uasset" 418
"../../../BGH/Content/Player_Content/Player_Sprites/download_bow_and_shield_Sprite_23.uasset" 419
"../../../BGH/Content/Player_Content/Player_Sprites/download_bow_and_shield_Sprite_24.uasset" 420
"../../../BGH/Content/Player_Content/Player_Sprites/download_bow_and_shield_Sprite_25.uasset" 421
"../../../BGH/Content/Player_Content/Player_Sprites/download_bow_and_shield_Sprite_26.uasset" 422
"../../../BGH/Content/Player_Content/Player_Sprites/download_bow_and_shield_Sprite_27.uasset" 423
"../../../BGH/Content/Player_Content/Player_Sprites/download_bow_and_shield_Sprite_28.uasset" 424
"../../../BGH/Content/Player_Content/Player_Sprites/download_bow_and_shield_Sprite_29.uasset" 425
"../../../BGH/Content/Player_Content/Player_Sprites/download_bow_and_shield_Sprite_3.uasset" 426
"../../../BGH/Content/Player_Content/Player_Sprites/download_bow_and_shield_Sprite_30.uasset" 427
"../../../BGH/Content/Player_Content/Player_Sprites/download_bow_and_shield_Sprite_31.uasset" 428
"../../../BGH/Content/Player_Content/Player_Sprites/download_bow_and_shield_Sprite_32.uasset" 429
"../../../BGH/Content/Player_Content/Player_Sprites/download_bow_and_shield_Sprite_33.uasset" 430
"../../../BGH/Content/Player_Content/Player_Sprites/download_bow_and_shield_Sprite_34.uasset" 431
"../../../BGH/Content/Player_Content/Player_Sprites/download_bow_and_shield_Sprite_35.uasset" 432
"../../../BGH/Content/Player_Content/Player_Sprites/download_bow_and_shield_Sprite_36.uasset" 433
"../../../BGH/Content/Player_Content/Player_Sprites/download_bow_and_shield_Sprite_37.uasset" 434
"../../../BGH/Content/Player_Content/Player_Sprites/download_bow_and_shield_Sprite_38.uasset" 435
"../../../BGH/Content/Player_Content/Player_Sprites/download_bow_and_shield_Sprite_39.uasset" 436
"../../../BGH/Content/Player_Content/Player_Sprites/download_bow_and_shield_Sprite_4.uasset" 437
"../../../BGH/Content/Player_Content/Player_Sprites/download_bow_and_shield_Sprite_40.uasset" 438
"../../../BGH/Content/Player_Content/Player_Sprites/download_bow_and_shield_Sprite_41.uasset" 439
"../../../BGH/Content/Player_Content/Player_Sprites/download_bow_and_shield_Sprite_42.uasset" 440
"../../../BGH/Content/Player_Content/Player_Sprites/download_bow_and_shield_Sprite_43.uasset" 441
"../../../BGH/Content/Player_Content/Player_Sprites/download_bow_and_shield_Sprite_44.uasset" 442
"../../../BGH/Content/Player_Content/Player_Sprites/download_bow_and_shield_Sprite_45.uasset" 443
"../../../BGH/Content/Player_Content/Player_Sprites/download_bow_and_shield_Sprite_46.uasset" 444
"../../../BGH/Content/Player_Content/Player_Sprites/download_bow_and_shield_Sprite_47.uasset" 445
"../../../BGH/Content/Player_Content/Player_Sprites/download_bow_and_shield_Sprite_48.uasset" 446
"../../../BGH/Content/Player_Content/Player_Sprites/download_bow_and_shield_Sprite_49.uasset" 447
"../../../BGH/Content/Player_Content/Player_Sprites/download_bow_and_shield_Sprite_5.uasset" 448
"../../../BGH/Content/Player_Content/Player_Sprites/download_bow_and_shield_Sprite_50.uasset" 449
"../../../BGH/Content/Player_Content/Player_Sprites/download_bow_and_shield_Sprite_51.uasset" 450
"../../../BGH/Content/Player_Content/Player_Sprites/download_bow_and_shield_Sprite_52.uasset" 451
"../../../BGH/Content/Player_Content/Player_Sprites/download_bow_and_shield_Sprite_53.uasset" 452
"../../../BGH/Content/Player_Content/Player_Sprites/download_bow_and_shield_Sprite_54.uasset" 453
"../../../BGH/Content/Player_Content/Player_Sprites/download_bow_and_shield_Sprite_55.uasset" 454
"../../../BGH/Content/Player_Content/Player_Sprites/download_bow_and_shield_Sprite_56.uasset" 455
"../../../BGH/Content/Player_Content/Player_Sprites/download_bow_and_shield_Sprite_57.uasset" 456
"../../../BGH/Content/Player_Content/Player_Sprites/download_bow_and_shield_Sprite_58.uasset" 457
"../../../BGH/Content/Player_Content/Player_Sprites/download_bow_and_shield_Sprite_59.uasset" 458
"../../../BGH/Content/Player_Content/Player_Sprites/download_bow_and_shield_Sprite_6.uasset" 459
"../../../BGH/Content/Player_Content/Player_Sprites/download_bow_and_shield_Sprite_60.uasset" 460
"../../../BGH/Content/Player_Content/Player_Sprites/download_bow_and_shield_Sprite_61.uasset" 461
"../../../BGH/Content/Player_Content/Player_Sprites/download_bow_and_shield_Sprite_62.uasset" 462
"../../../BGH/Content/Player_Content/Player_Sprites/download_bow_and_shield_Sprite_63.uasset" 463
"../../../BGH/Content/Player_Content/Player_Sprites/download_bow_and_shield_Sprite_64.uasset" 464
"../../../BGH/Content/Player_Content/Player_Sprites/download_bow_and_shield_Sprite_65.uasset" 465
"../../../BGH/Content/Player_Content/Player_Sprites/download_bow_and_shield_Sprite_66.uasset" 466
"../../../BGH/Content/Player_Content/Player_Sprites/download_bow_and_shield_Sprite_67.uasset" 467
"../../../BGH/Content/Player_Content/Player_Sprites/download_bow_and_shield_Sprite_68.uasset" 468
"../../../BGH/Content/Player_Content/Player_Sprites/download_bow_and_shield_Sprite_69.uasset" 469
"../../../BGH/Content/Player_Content/Player_Sprites/download_bow_and_shield_Sprite_70.uasset" 470
"../../../BGH/Content/Player_Content/Player_Sprites/download_bow_and_shield_Sprite_71.uasset" 471
"../../../BGH/Content/Player_Content/Player_Sprites/download_bow_and_shield_Sprite_72.uasset" 472
"../../../BGH/Content/Player_Content/Player_Sprites/download_bow_and_shield_Sprite_73.uasset" 473
"../../../BGH/Content/Player_Content/Player_Sprites/download_bow_and_shield_Sprite_74.uasset" 474
"../../../BGH/Content/Player_Content/Player_Sprites/download_bow_and_shield_Sprite_75.uasset" 475
"../../../BGH/Content/Player_Content/Player_Sprites/download_bow_and_shield_Sprite_76.uasset" 476
"../../../BGH/Content/Player_Content/Player_Sprites/download_bow_and_shield_Sprite_77.uasset" 477
"../../../BGH/Content/Player_Content/Player_Sprites/download_bow_and_shield_Sprite_78.uasset" 478
"../../../BGH/Content/Player_Content/Player_Sprites/download_bow_and_shield_Sprite_79.uasset" 479
"../../../BGH/Content/Player_Content/Player_Sprites/download_bow_and_shield_Sprite_80.uasset" 480
"../../../BGH/Content/Player_Content/Player_Sprites/download_bow_and_shield_Sprite_81.uasset" 481
"../../../BGH/Content/Player_Content/Player_Sprites/download_bow_and_shield_Sprite_82.uasset" 482
"../../../BGH/Content/Player_Content/Player_Sprites/download_bow_and_shield_Sprite_83.uasset" 483
"../../../BGH/Content/Player_Content/Player_Sprites/download_bow_and_shield_Sprite_84.uasset" 484
"../../../BGH/Content/Player_Content/Player_Sprites/download_bow_and_shield_Sprite_85.uasset" 485
"../../../BGH/Content/Player_Content/Player_Sprites/download_bow_and_shield_Sprite_86.uasset" 486
"../../../BGH/Content/Player_Content/Player_Sprites/download_bow_and_shield_Sprite_87.uasset" 487
"../../../BGH/Content/Player_Content/Player_Sprites/download_bow_and_shield_Sprite_88.uasset" 488
"../../../BGH/Content/Player_Content/Player_Sprites/download_bow_and_shield_Sprite_89.uasset" 489
"../../../BGH/Content/Player_Content/Player_Sprites/download_bow_and_shield_Sprite_9.uasset" 490
"../../../BGH/Content/Player_Content/Player_Sprites/download_bow_and_shield_Sprite_90.uasset" 491
"../../../BGH/Content/Player_Content/Player_Sprites/download_bow_and_shield_Sprite_91.uasset" 492
"../../../BGH/Content/Player_Content/Player_Sprites/download_bow_and_shield_Sprite_92.uasset" 493
"../../../BGH/Content/Player_Content/Player_Sprites/download_bow_and_shield_Sprite_93.uasset" 494
"../../../BGH/Content/Player_Content/Player_Sprites/download_bow_and_shield_Sprite_94.uasset" 495
"../../../BGH/Content/Player_Content/Player_Sprites/download_bow_and_shield_Sprite_95.uasset" 496
"../../../BGH/Content/Player_Content/Player_Sprites/download_bow_and_shield_Sprite_96.uasset" 497
"../../../BGH/Content/Player_Content/Player_Sprites/download_bow_and_shield_Sprite_97.uasset" 498
"../../../BGH/Content/Player_Content/Player_Sprites/download_bow_and_shield_Sprite_98.uasset" 499
"../../../BGH/Content/Player_Content/Player_Sprites/download_bow_and_shield_Sprite_99.uasset" 500
"../../../BGH/Content/Player_Content/Player_Sprites/download_walk_Sprite_0.uasset" 501
"../../../BGH/Content/Player_Content/Player_Sprites/download_bow_and_shield_Sprite_20.uasset" 502
"../../../BGH/Content/Player_Content/Player_Sprites/FB_Idle_opt.uasset" 503
"../../../BGH/Content/Player_Content/Player_Sprites/download_bow_and_shield_Sprite_120.uasset" 504
"../../../BGH/Content/Player_Content/Player_Sprites/download_bow_and_shield_Sprite_121.uasset" 505
"../../../BGH/Content/Player_Content/Player_Sprites/download_bow_and_shield_Sprite_122.uasset" 506
"../../../BGH/Content/Player_Content/Player_Sprites/download_bow_and_shield_Sprite_123.uasset" 507
"../../../BGH/Content/Player_Content/Player_Sprites/download_bow_and_shield_Sprite_124.uasset" 508
"../../../BGH/Content/Player_Content/Player_Sprites/download_bow_and_shield_Sprite_125.uasset" 509
"../../../BGH/Content/Player_Content/Player_Sprites/download_bow_and_shield_Sprite_126.uasset" 510
"../../../BGH/Content/Player_Content/Player_Sprites/download_bow_and_shield_Sprite_127.uasset" 511
"../../../BGH/Content/Player_Content/Player_Sprites/download_bow_and_shield_Sprite_128.uasset" 512
"../../../BGH/Content/Player_Content/Player_Sprites/download_bow_and_shield_Sprite_129.uasset" 513
"../../../BGH/Content/Player_Content/Player_Sprites/download_bow_and_shield_Sprite_130.uasset" 514
"../../../BGH/Content/Player_Content/Player_Sprites/download_bow_and_shield_Sprite_131.uasset" 515
"../../../BGH/Content/Player_Content/Player_Sprites/download_bow_and_shield_Sprite_132.uasset" 516
"../../../BGH/Content/Player_Content/Player_Sprites/Player_FB/Bow_Attack_Up.uasset" 517
"../../../BGH/Content/Player_Content/Player_Sprites/Player_FB/Bow_Shot_Up.uasset" 518
"../../../BGH/Content/Player_Content/Player_Sprites/download_bow_and_shield_Sprite_172.uasset" 519
"../../../BGH/Content/Player_Content/Player_Sprites/download_bow_and_shield_Sprite_173.uasset" 520
"../../../BGH/Content/Player_Content/Player_Sprites/download_bow_and_shield_Sprite_174.uasset" 521
"../../../BGH/Content/Player_Content/Player_Sprites/download_bow_and_shield_Sprite_175.uasset" 522
"../../../BGH/Content/Player_Content/Player_Sprites/download_bow_and_shield_Sprite_176.uasset" 523
"../../../BGH/Content/Player_Content/Player_Sprites/download_bow_and_shield_Sprite_177.uasset" 524
"../../../BGH/Content/Player_Content/Player_Sprites/Player_FB/FB_recover.uasset" 525
"../../../BGH/Content/Player_Content/Player_Sprites/downloads_sword_saber_Sprite_0.uasset" 526
"../../../BGH/Content/Player_Content/Player_Sprites/downloads_sword_saber_Sprite_1.uasset" 527
"../../../BGH/Content/Player_Content/Player_Sprites/downloads_sword_saber_Sprite_2.uasset" 528
"../../../BGH/Content/Player_Content/Player_Sprites/downloads_sword_saber_Sprite_3.uasset" 529
"../../../BGH/Content/Player_Content/Player_Sprites/downloads_sword_saber_Sprite_4.uasset" 530
"../../../BGH/Content/Player_Content/Player_Sprites/downloads_sword_saber_Sprite_5.uasset" 531
"../../../BGH/Content/Player_Content/Player_Sprites/Player_FB/Sword_Attack_Up.uasset" 532
"../../../BGH/Content/Player_Content/Player_Sprites/Player_FB/Sword_Atack_Up.uasset" 533
"../../../BGH/Content/Player_Content/Player_Sprites/downloads_sword_saber_Sprite_10.uasset" 534
"../../../BGH/Content/Player_Content/Player_Sprites/downloads_sword_saber_Sprite_12.uasset" 535
"../../../BGH/Content/Player_Content/Player_Sprites/downloads_sword_saber_Sprite_6.uasset" 536
"../../../BGH/Content/Player_Content/Player_Sprites/downloads_sword_saber_Sprite_7.uasset" 537
"../../../BGH/Content/Player_Content/Player_Sprites/downloads_sword_saber_Sprite_8.uasset" 538
"../../../BGH/Content/Player_Content/Player_Sprites/downloads_sword_saber_Sprite_9.uasset" 539
"../../../BGH/Content/Player_Content/Player_Sprites/Player_FB/Sword_Attack_Left.uasset" 540
"../../../BGH/Content/Player_Content/Player_Sprites/Player_FB/Sword_Attack_Side.uasset" 541
"../../../BGH/Content/Player_Content/Player_Sprites/download_walk_Sprite_10.uasset" 542
"../../../BGH/Content/Player_Content/Player_Sprites/download_walk_Sprite_11.uasset" 543
"../../../BGH/Content/Player_Content/Player_Sprites/download_walk_Sprite_12.uasset" 544
"../../../BGH/Content/Player_Content/Player_Sprites/download_walk_Sprite_13.uasset" 545
"../../../BGH/Content/Player_Content/Player_Sprites/download_walk_Sprite_14.uasset" 546
"../../../BGH/Content/Player_Content/Player_Sprites/download_walk_Sprite_15.uasset" 547
"../../../BGH/Content/Player_Content/Player_Sprites/download_walk_Sprite_16.uasset" 548
"../../../BGH/Content/Player_Content/Player_Sprites/download_walk_Sprite_17.uasset" 549
"../../../BGH/Content/Player_Content/Player_Sprites/download_walk_Sprite_9.uasset" 550
"../../../BGH/Content/Player_Content/Player_Sprites/Player_FB/Walk_Side_Left.uasset" 551
"../../../BGH/Content/Player_Content/Player_Sprites/Player_FB/Walk_Side.uasset" 552
