[2016.03.17-19.01.35:206][  0]Log file open, 03/17/16 19:01:35
[2016.03.17-19.01.35:206][  0]LogInit:Display: Running engine for game: BGH
[2016.03.17-19.01.35:206][  0]LogPlatformFile: Not using cached read wrapper
[2016.03.17-19.01.35:206][  0]LogInit:Display: RandInit(620783109) SRandInit(620783110).
[2016.03.17-19.01.35:206][  0]LogTaskGraph: Started task graph with 4 named threads and 5 total threads.
[2016.03.17-19.01.35:206][  0]LogStats: Stats thread started at 0.052641
[2016.03.17-19.01.35:206][  0]LogInit:Warning: Incompatible or missing module: UE4Editor-BGH.dll
[2016.03.17-19.03.17:679][  0]Running C:/Program Files/Epic Games/4.10/Engine/Binaries/DotNET/UnrealBuildTool.exe BGH Development Win64 -project="C:/BigGameHunter/BGH/BGH.uproject" -rocket -editorrecompile -progress -noubtmakefiles -2015
[2016.03.17-19.03.20:889][  0]@progress push 5%
[2016.03.17-19.03.21:493][  0]@progress pop
[2016.03.17-19.03.23:807][  0]Performing 1 actions (2 in parallel)
[2016.03.17-19.03.23:807][  0][1/1] Link UE4Editor-BGH.dll
[2016.03.17-19.03.23:908][  0]   Creating library C:\BigGameHunter\BGH\Intermediate/Build/Win64\UE4Editor\Development\UE4Editor-BGH.lib and object C:\BigGameHunter\BGH\Intermediate/Build/Win64\UE4Editor\Development\UE4Editor-BGH.exp
[2016.03.17-19.03.24:510][  0]-------- End Detailed Actions Stats -----------------------------------------------------------
[2016.03.17-19.03.24:510][  0]Total build time: 6,72 seconds
[2016.03.17-19.03.24:903][  0]LogInit: Version: 4.10.4-2872498+++depot+UE4-Releases+4.10
[2016.03.17-19.03.24:903][  0]LogInit: API Version: 2758231
[2016.03.17-19.03.24:903][  0]LogInit: Compiled (64-bit): Feb 18 2016 15:47:04
[2016.03.17-19.03.24:903][  0]LogInit: Compiled with Visual C++: 19.00.23026.00
[2016.03.17-19.03.24:903][  0]LogInit: Build Configuration: Development
[2016.03.17-19.03.24:903][  0]LogInit: Branch Name: ++depot+UE4-Releases+4.10
[2016.03.17-19.03.24:903][  0]LogInit: Command line:  
[2016.03.17-19.03.24:903][  0]LogInit: Base directory: C:/Program Files/Epic Games/4.10/Engine/Binaries/Win64/
[2016.03.17-19.03.24:903][  0]LogInit: Rocket: 1
[2016.03.17-19.03.24:909][  0]LogInit: Using libcurl 7.41.0
[2016.03.17-19.03.24:909][  0]LogInit:  - built for x86_64-pc-win32
[2016.03.17-19.03.24:909][  0]LogInit:  - supports SSL with WinSSL
[2016.03.17-19.03.24:909][  0]LogInit:  - other features:
[2016.03.17-19.03.24:909][  0]LogInit:      CURL_VERSION_SSL
[2016.03.17-19.03.24:909][  0]LogInit:      CURL_VERSION_IPV6
[2016.03.17-19.03.24:909][  0]LogInit:      CURL_VERSION_ASYNCHDNS
[2016.03.17-19.03.24:909][  0]LogInit:      CURL_VERSION_LARGEFILE
[2016.03.17-19.03.24:909][  0]LogInit:      CURL_VERSION_IDN
[2016.03.17-19.03.24:909][  0]LogInit:  CurlRequestOptions (configurable via config and command line):
[2016.03.17-19.03.24:909][  0]LogInit:  - bVerifyPeer = true  - Libcurl will verify peer certificate
[2016.03.17-19.03.24:909][  0]LogInit:  - bUseHttpProxy = false  - Libcurl will NOT use HTTP proxy
[2016.03.17-19.03.24:909][  0]LogInit:  - bDontReuseConnections = false  - Libcurl will reuse connections
[2016.03.17-19.03.24:909][  0]LogInit:  - CertBundlePath = nullptr  - Libcurl will use whatever was configured at build time.
[2016.03.17-19.03.24:916][  0]LogInit: Presizing for 0 objects not considered by GC, pre-allocating 0 bytes.
[2016.03.17-19.03.24:921][  0]LogInit: Object subsystem initialized
[2016.03.17-19.03.24:924][  0]LogInit: Selected Device Profile: [Windows]
[2016.03.17-19.03.24:924][  0]LogInit: Applying CVar settings loaded from the selected device profile: [Windows]
[2016.03.17-19.03.24:934][  0]LogInit: Computer: JP
[2016.03.17-19.03.24:934][  0]LogInit: User: JoãoPaulo
[2016.03.17-19.03.24:934][  0]LogInit: CPU Page size=4096, Cores=2
[2016.03.17-19.03.24:934][  0]LogInit: High frequency timer resolution =2.728071 MHz
[2016.03.17-19.03.24:934][  0]LogMemory: Memory total: Physical=7.9GB (8GB approx)
[2016.03.17-19.03.24:934][  0]LogMemory: Platform Memory Stats for Windows
[2016.03.17-19.03.24:934][  0]LogMemory: Process Physical Memory: 56.91 MB used, 56.91 MB peak
[2016.03.17-19.03.24:934][  0]LogMemory: Process Virtual Memory: 55.85 MB used, 55.85 MB peak
[2016.03.17-19.03.24:934][  0]LogMemory: Physical Memory: 3253.78 MB used, 8075.00 MB total
[2016.03.17-19.03.24:934][  0]LogMemory: Virtual Memory: 381.74 MB used, 134217728.00 MB total
[2016.03.17-19.03.24:969][  0]LogTextLocalizationManager: No translations for ('pt-PT') exist, falling back to 'en' for localization and internationalization data.
[2016.03.17-19.03.25:440][  0]LogD3D11RHI: Found D3D11 adapter 0: NVIDIA GeForce GTX 860M (Feature Level 11_0)
[2016.03.17-19.03.25:440][  0]LogD3D11RHI: Adapter has 1972MB of dedicated video memory, 0MB of dedicated system memory, and 2048MB of shared system memory, 1 output[s]
[2016.03.17-19.03.25:446][  0]LogD3D11RHI: Found D3D11 adapter 1: Intel(R) HD Graphics 4600 (Feature Level 11_0)
[2016.03.17-19.03.25:446][  0]LogD3D11RHI: Adapter has 32MB of dedicated video memory, 0MB of dedicated system memory, and 1760MB of shared system memory, 0 output[s]
[2016.03.17-19.03.25:447][  0]LogD3D11RHI: Found D3D11 adapter 2: Microsoft Basic Render Driver (Feature Level 11_0)
[2016.03.17-19.03.25:447][  0]LogD3D11RHI: Adapter has 0MB of dedicated video memory, 0MB of dedicated system memory, and 256MB of shared system memory, 0 output[s]
[2016.03.17-19.03.25:447][  0]LogD3D11RHI: Chosen D3D11 Adapter Id = 0
[2016.03.17-19.03.25:451][  0]LogD3D11RHI: !Direct3DDevice
[2016.03.17-19.03.25:451][  0]LogRHI: Texture pool is 1361 MB (70% of 1945 MB)
[2016.03.17-19.03.25:464][  0]LogD3D11RHI: Async texture creation enabled
[2016.03.17-19.03.25:480][  0]LogShaderCompilers: Guid format shader working directory is 14 characters bigger than the processId version (../../../../../../BigGameHunter/BGH/Intermediate/Shaders/WorkingDirectory/4380/).
[2016.03.17-19.03.25:480][  0]LogShaderCompilers: Cleaned the shader compiler working directory 'C:/Users/JOOPAU~1/AppData/Local/Temp/UnrealShaderWorkingDir/45426D4E42716CE484E6E9B5C9EBBD19/'.
[2016.03.17-19.03.25:480][  0]LogShaderCompilers:Display: Using Local Shader Compiler.
[2016.03.17-19.03.26:170][  0]LogTemp:Display: Loaded TP AllDesktopTargetPlatform
[2016.03.17-19.03.26:174][  0]LogTemp:Display: Loaded TP WindowsClientTargetPlatform
[2016.03.17-19.03.26:178][  0]LogTemp:Display: Loaded TP WindowsNoEditorTargetPlatform
[2016.03.17-19.03.26:183][  0]LogTemp:Display: Loaded TP WindowsServerTargetPlatform
[2016.03.17-19.03.26:187][  0]LogTemp:Display: Loaded TP WindowsTargetPlatform
[2016.03.17-19.03.26:190][  0]LogTemp:Display: Loaded TP AndroidTargetPlatform
[2016.03.17-19.03.26:192][  0]LogTemp:Display: Loaded TP Android_ASTCTargetPlatform
[2016.03.17-19.03.26:196][  0]LogTemp:Display: Loaded TP Android_ATCTargetPlatform
[2016.03.17-19.03.26:198][  0]LogTemp:Display: Loaded TP Android_DXTTargetPlatform
[2016.03.17-19.03.26:201][  0]LogTemp:Display: Loaded TP Android_ETC1TargetPlatform
[2016.03.17-19.03.26:204][  0]LogTemp:Display: Loaded TP Android_ETC2TargetPlatform
[2016.03.17-19.03.26:210][  0]LogTemp:Display: Loaded TP Android_MultiTargetPlatform
[2016.03.17-19.03.26:210][  0]LogTemp:Display: Loaded TP Android_PVRTCTargetPlatform
[2016.03.17-19.03.26:211][  0]LogTemp:Display: Loaded TP HTML5TargetPlatform
[2016.03.17-19.03.26:228][  0]LogTemp:Display: Loaded TP IOSTargetPlatform
[2016.03.17-19.03.26:231][  0]LogTemp:Display: Loaded TP LinuxNoEditorTargetPlatform
[2016.03.17-19.03.26:233][  0]LogTemp:Display: Loaded TP LinuxServerTargetPlatform
[2016.03.17-19.03.26:236][  0]LogTemp:Display: Loaded TP LinuxTargetPlatform
[2016.03.17-19.03.26:236][  0]LogTargetPlatformManager:Display: Building Assets For Windows
[2016.03.17-19.03.26:307][  0]LogDerivedDataCache:Display: Max Cache Size: 512 MB
[2016.03.17-19.03.26:354][  0]LogDerivedDataCache: Loaded boot cache 0.05s 41MB C:/Users/JoãoPaulo/AppData/Local/UnrealEngine/4.10/DerivedDataCache/Boot.ddc.
[2016.03.17-19.03.26:354][  0]LogDerivedDataCache:Display: Loaded Boot cache: C:/Users/JoãoPaulo/AppData/Local/UnrealEngine/4.10/DerivedDataCache/Boot.ddc
[2016.03.17-19.03.26:354][  0]LogDerivedDataCache: FDerivedDataBackendGraph:  Pak pak cache file ../../../../../../BigGameHunter/BGH/DerivedDataCache/DDC.ddp not found, will not use a pak cache.
[2016.03.17-19.03.26:354][  0]LogDerivedDataCache: Unable to find inner node Pak for hierarchical cache Hierarchy.
[2016.03.17-19.03.26:354][  0]LogDerivedDataCache: FDerivedDataBackendGraph:  CompressedPak pak cache file ../../../../../../BigGameHunter/BGH/DerivedDataCache/Compressed.ddp not found, will not use a pak cache.
[2016.03.17-19.03.26:354][  0]LogDerivedDataCache: Unable to find inner node CompressedPak for hierarchical cache Hierarchy.
[2016.03.17-19.03.26:407][  0]LogDerivedDataCache:Display: Pak cache opened for reading ../../../Engine/DerivedDataCache/Compressed.ddp.
[2016.03.17-19.03.26:419][  0]LogDerivedDataCache: Using Local data cache path C:/Users/JoãoPaulo/AppData/Local/UnrealEngine/Common/DerivedDataCache: Writable
[2016.03.17-19.03.26:589][  0]LogInit: Selected Device Profile: [Windows]
[2016.03.17-19.03.26:591][  0]LogContentStreaming: Texture pool size is 0.000000MB
[2016.03.17-19.03.26:688][  0]LogMeshUtilities: No automatic mesh reduction module available
[2016.03.17-19.03.26:688][  0]LogMeshUtilities: No automatic mesh merging module available
[2016.03.17-19.03.26:935][  0]LogInit: WinSock: version 1.1 (2.2), MaxSocks=32767, MaxUdp=65467
[2016.03.17-19.03.27:679][  0]UdpMessaging: Initializing bridge on interface 0.0.0.0:0 to multicast group 230.0.0.1:6666.
[2016.03.17-19.03.27:782][  0]LogAssetRegistry: FAssetRegistry took 0.0115 seconds to start up
[2016.03.17-19.03.27:943][  0]SourceControl: Info Source control is disabled
[2016.03.17-19.03.27:967][  0]SourceControl: Info Source control is disabled
[2016.03.17-19.03.27:976][  0]SourceControl: Info Source control is disabled
[2016.03.17-19.03.27:984][  0]SourceControl: Info Source control is disabled
[2016.03.17-19.03.28:181][  0]LogObj: 28637 objects as part of root set at end of initial load.
[2016.03.17-19.03.28:181][  0]LogUObjectAllocator: 6101776 out of 0 bytes used by permanent object pool.
[2016.03.17-19.03.28:234][  0]LogEngine: Initializing Engine...
[2016.03.17-19.03.28:236][  0]LogHMD: Can't find Oculus library dev build: is proper Runtime installed? Version: 0.8.0.0
[2016.03.17-19.03.28:237][  0]LogHMD: SteamVR failed to initialize.  Err: 110
[2016.03.17-19.03.28:348][  0]LogAIModule: Creating AISystem for world NewWorld
[2016.03.17-19.03.28:353][  0]LogInit: XAudio2 using 'Altifalantes (High Definition Audio Device)' : 2 channels at 44.1 kHz using 16 bits per sample (channel mask 0x3)
[2016.03.17-19.03.28:365][  0]LogInit: FAudioDevice initialized.
[2016.03.17-19.03.28:389][  0]LogDerivedDataCache: Saved boot cache 0.02s 41MB C:/Users/JoãoPaulo/AppData/Local/UnrealEngine/4.10/DerivedDataCache/Boot.ddc.
[2016.03.17-19.03.28:397][  0]LogInit: Texture streaming: Enabled
[2016.03.17-19.03.28:407][  0]LogAnalytics: Creating configured Analytics provider AnalyticsET
[2016.03.17-19.03.28:407][  0]LogAnalytics: [UEEditor.Rocket.Release] APIServer = http://et2.epicgames.com/ET2/. AppVersion = 4.10.4-2872498+++depot+UE4-Releases+4.10
[2016.03.17-19.03.28:407][  0]LogAnalytics: [UEEditor.Rocket.Release] SetUserId b7d57f62481403268ec56e926abc4116|70c7aa051d0b4e358ca8c317ea7dd9d6|752e1a3d-5a35-45be-86b3-6ea9afae04bd
[2016.03.17-19.03.28:408][  0]LogAnalytics: [UEEditor.Rocket.Release] AnalyticsET::StartSession
[2016.03.17-19.03.28:420][  0]LogInit: Transaction tracking system initialized
[2016.03.17-19.03.28:447][  0]BlueprintLog: New page: Editor Load
[2016.03.17-19.03.28:522][  0]LocalizationService: Info Localization service is disabled
[2016.03.17-19.03.28:647][  0]LogConsoleResponse:Display: 
[2016.03.17-19.03.28:765][  0]LogCook:Display: Done creating registry. It took  0.00s.
[2016.03.17-19.03.28:815][  0]LogFileCache: Scanning file cache for directory 'C:/BigGameHunter/BGH/Content/' took 0.01s
[2016.03.17-19.03.28:815][  0]SourceControl: Info Source control is disabled
[2016.03.17-19.03.28:815][  0]Cmd: MAP LOAD FILE="../../../Engine/Content/Maps/Templates/Template_Default.umap" TEMPLATE=1 SHOWPROGRESS=1 FEATURELEVEL=3
[2016.03.17-19.03.28:815][  0]LightingResults: New page: Lighting Build
[2016.03.17-19.03.28:818][  0]MapCheck: New page: Map Check
[2016.03.17-19.03.28:818][  0]LightingResults: New page: Lighting Build
[2016.03.17-19.03.28:835][  0]LogParticles: Destroying 0 GPU particle simulations for FXSystem 0x000000DEB0E7A160
[2016.03.17-19.03.29:052][  0]LogAIModule: Creating AISystem for world Untitled_1
[2016.03.17-19.03.29:057][  0]LogEditorServer: Finished looking for orphan Actors (0.000 secs)
[2016.03.17-19.03.29:062][  0]Cmd: MAP CHECKDEP NOCLEARLOG
[2016.03.17-19.03.29:095][  0]MapCheck: Info Map check complete: 0 Error(s), 0 Warning(s), took 33.167ms to complete.
[2016.03.17-19.03.29:095][  0]LogFileHelpers: Loading map 'Template_Default' took 0.281
[2016.03.17-19.03.29:180][  0]LogCollectionManager: Loaded 0 collections in 0.001696 seconds
[2016.03.17-19.03.29:217][  0]LogFileCache: Scanning file cache for directory 'C:/BigGameHunter/BGH/Saved/Collections/' took 0.01s
[2016.03.17-19.03.29:217][  0]LogFileCache: Scanning file cache for directory 'C:/BigGameHunter/BGH/Content/Developers/JoãoPaulo/Collections/' took 0.01s
[2016.03.17-19.03.29:217][  0]LogFileCache: Scanning file cache for directory 'C:/BigGameHunter/BGH/Content/Collections/' took 0.01s
[2016.03.17-19.03.29:217][  0]LogCollectionManager: Rebuilt the GUID cache for 0 collections in 0.000001 seconds
[2016.03.17-19.03.29:224][  0]LogContentBrowser: Native class hierarchy populated in 0.0066 seconds. Added 1894 classes and 340 folders.
[2016.03.17-19.03.29:230][  0]LogContentBrowser: Native class hierarchy updated for 'WidgetCarousel' in 0.0007 seconds. Added 0 classes and 0 folders.
[2016.03.17-19.03.29:262][  0]LogContentBrowser: Native class hierarchy updated for 'AddContentDialog' in 0.0008 seconds. Added 0 classes and 0 folders.
[2016.03.17-19.03.29:266][  0]LogContentBrowser: Native class hierarchy updated for 'SceneOutliner' in 0.0008 seconds. Added 1 classes and 2 folders.
[2016.03.17-19.03.29:304][  0]LogCrashTracker: Crashtracker disabled due to settings.
[2016.03.17-19.03.29:308][  0]LogUObjectGlobals:Warning: Failed to find object 'Class None.'
[2016.03.17-19.03.29:332][  0]LogLoad: Full Startup: 114.67 seconds (BP compile: 0.04 seconds)
[2016.03.17-19.03.29:351][  0]LogOcInput: Can't find Oculus library dev build: is proper Runtime installed? Version: 0.8.0.0
[2016.03.17-19.03.29:399][  0]LogContentStreaming: Texture pool size now 1000 MB
[2016.03.17-19.03.29:534][  0]LogRenderer: Reallocating scene render targets to support 1208x552 (Frame:2).
[2016.03.17-19.03.29:802][  3]LogAssetRegistry: Asset discovery search completed in 2.0318 seconds
[2016.03.17-19.03.29:802][  3]LogCollectionManager: Rebuilt the object cache for 0 collections in 0.000001 seconds (found 0 objects)
[2016.03.17-19.03.29:802][  3]LogCollectionManager: Fixed up redirectors for 0 collections in 0.000017 seconds (updated 0 objects)
[2016.03.17-19.03.34:960][289]LogAIModule: Creating AISystem for world Map
[2016.03.17-19.03.34:993][289]Cmd: MAP LOAD FILE="../../../../../../BigGameHunter/BGH/Content/Map.umap" TEMPLATE=0 SHOWPROGRESS=1 FEATURELEVEL=3
[2016.03.17-19.03.34:993][289]LightingResults: New page: Lighting Build
[2016.03.17-19.03.35:007][289]LoadErrors: New page: Loading map: Map.umap
[2016.03.17-19.03.35:007][289]MapCheck: New page: Map Check
[2016.03.17-19.03.35:007][289]LightingResults: New page: Lighting Build
[2016.03.17-19.03.35:024][289]LogParticles: Destroying 0 GPU particle simulations for FXSystem 0x000000DEA28367A0
[2016.03.17-19.03.35:052][289]LogEditorServer: Finished looking for orphan Actors (0.000 secs)
[2016.03.17-19.03.35:068][289]Cmd: MAP CHECKDEP NOCLEARLOG
[2016.03.17-19.03.35:098][289]MapCheck: Info Map check complete: 0 Error(s), 0 Warning(s), took 30.681ms to complete.
[2016.03.17-19.03.35:098][289]LogFileHelpers: Loading map 'Map' took 0.106
[2016.03.17-19.03.36:145][351]LogEditorViewport: Clicking on Actor (LMB): StaticMeshActor (Floor2)
[2016.03.17-19.03.44:269][788]LogVSAccessor:Warning: Couldn't access Visual Studio
[2016.03.17-19.03.44:319][788]Recompiling BGH...
[2016.03.17-19.03.44:320][788]Launching UnrealBuildTool... [C:/Program Files/Epic Games/4.10/Engine/Binaries/DotNET/UnrealBuildTool.exe BGH -ModuleWithSuffix BGH 4141 Win64 Development -editorrecompile -canskiplink "C:/BigGameHunter/BGH/BGH.uproject" -rocket  -rocket -2015]
[2016.03.17-19.03.44:321][788]Warning: Starting HotReload took  0.1s.
[2016.03.17-19.03.54:943][363]CompilerResultsLog: New page: Compilation - Mar 17, 2016, 7:03:54 PM
[2016.03.17-19.03.54:956][363]CompilerResultsLog: Info Creating makefile for hot reloading BGH (no existing makefile)
[2016.03.17-19.03.54:956][363]CompilerResultsLog: Info Compiling game modules for hot reload
[2016.03.17-19.03.54:956][363]CompilerResultsLog: Info Performing full C++ include scan (no include cache file)
[2016.03.17-19.03.54:956][363]CompilerResultsLog: Info Target is up to date.
[2016.03.17-19.03.54:968][363]LogMainFrame: MainFrame: Module compiling took 10.698 seconds
[2016.03.17-19.03.57:329][489]Cmd: OBJ SAVEPACKAGE PACKAGE="/Game/Map" FILE="../../../../../../BigGameHunter/BGH/Content/Map.umap" SILENT=true AUTOSAVING=false KEEPDIRTY=false
[2016.03.17-19.03.57:496][489]LogSavePackage: Save=82.376892ms
[2016.03.17-19.03.57:496][489]LogSavePackage: Moving '../../../../../../BigGameHunter/BGH/Saved/Map289C9FB9456A780D69822CBF526CAB7D.tmp' to '../../../../../../BigGameHunter/BGH/Content/Map.umap'
[2016.03.17-19.03.57:500][489]LogSavePackage: Total save time: 117.458452ms
[2016.03.17-19.03.57:500][489]LogSavePackage:Display: Finished SavePackage ../../../../../../BigGameHunter/BGH/Content/Map.umap
[2016.03.17-19.03.57:534][489]LogFileHelpers: Saving map 'Map' took 0.258
[2016.03.17-19.04.04:030][859]SourceControl: Info On branch master
[2016.03.17-19.04.04:030][859]SourceControl: Info Your branch is up-to-date with 'origin/master'.
[2016.03.17-19.04.04:030][859]SourceControl: Info Changes not staged for commit:
[2016.03.17-19.04.04:030][859]SourceControl: Info   (use "git add <file>..." to update what will be committed)
[2016.03.17-19.04.04:030][859]SourceControl: Info   (use "git checkout -- <file>..." to discard changes in working directory)
[2016.03.17-19.04.04:030][859]SourceControl: Info 	modified:   Content/Map.umap
[2016.03.17-19.04.04:030][859]SourceControl: Info Untracked files:
[2016.03.17-19.04.04:030][859]SourceControl: Info   (use "git add <file>..." to include in what will be committed)
[2016.03.17-19.04.04:030][859]SourceControl: Info 	Binaries/
[2016.03.17-19.04.04:030][859]SourceControl: Info 	Saved/
[2016.03.17-19.04.04:030][859]SourceControl: Info no changes added to commit (use "git add" and/or "git commit -a")
[2016.03.17-19.04.20:418][730]SourceControl: Info fatal: C:/Program Files/Epic Games/4.10/Engine/Content/ArtTools/RenderToTexture/Blueprints/PhysMesh.uasset: 'C:/Program Files/Epic Games/4.10/Engine/Content/ArtTools/RenderToTexture/Blueprints/PhysMesh.uasset' is outside repository
[2016.03.17-19.04.20:418][730]SourceControl: Info fatal: C:/Program Files/Epic Games/4.10/Engine/Content/ArtTools/RenderToTexture/Enums/EFloatTypes.uasset: 'C:/Program Files/Epic Games/4.10/Engine/Content/ArtTools/RenderToTexture/Enums/EFloatTypes.uasset' is outside repository
[2016.03.17-19.04.20:418][730]SourceControl: Info fatal: C:/Program Files/Epic Games/4.10/Engine/Content/ArtTools/RenderToTexture/Macros/RenderToTextureMacros.uasset: 'C:/Program Files/Epic Games/4.10/Engine/Content/ArtTools/RenderToTexture/Macros/RenderToTextureMacros.uasset' is outside repository
[2016.03.17-19.04.20:418][730]SourceControl: Info fatal: C:/Program Files/Epic Games/4.10/Engine/Content/ArtTools/RenderToTexture/MaterialFunctions/BoundingSphereBased_0-1_UVW.uasset: 'C:/Program Files/Epic Games/4.10/Engine/Content/ArtTools/RenderToTexture/MaterialFunctions/BoundingSphereBased_0-1_UVW.uasset' is outside repository
[2016.03.17-19.04.20:418][730]SourceControl: Info fatal: C:/Program Files/Epic Games/4.10/Engine/Content/ArtTools/RenderToTexture/Materials/MPC_R2T.uasset: 'C:/Program Files/Epic Games/4.10/Engine/Content/ArtTools/RenderToTexture/Materials/MPC_R2T.uasset' is outside repository
[2016.03.17-19.04.20:419][730]SourceControl: Info fatal: C:/Program Files/Epic Games/4.10/Engine/Content/ArtTools/RenderToTexture/Materials/Debug/M_2sidedLit.uasset: 'C:/Program Files/Epic Games/4.10/Engine/Content/ArtTools/RenderToTexture/Materials/Debug/M_2sidedLit.uasset' is outside repository
[2016.03.17-19.04.20:419][730]SourceControl: Info fatal: C:/Program Files/Epic Games/4.10/Engine/Content/ArtTools/RenderToTexture/Materials/Flipbooks/M_FlipBookCounter_01.uasset: 'C:/Program Files/Epic Games/4.10/Engine/Content/ArtTools/RenderToTexture/Materials/Flipbooks/M_FlipBookCounter_01.uasset' is outside repository
[2016.03.17-19.04.20:419][730]SourceControl: Info fatal: C:/Program Files/Epic Games/4.10/Engine/Content/ArtTools/RenderToTexture/Materials/Imposters/M_ImposterTest_01.uasset: 'C:/Program Files/Epic Games/4.10/Engine/Content/ArtTools/RenderToTexture/Materials/Imposters/M_ImposterTest_01.uasset' is outside repository
[2016.03.17-19.04.20:419][730]SourceControl: Info fatal: C:/Program Files/Epic Games/4.10/Engine/Content/ArtTools/RenderToTexture/Meshes/ShadowTestMesh.uasset: 'C:/Program Files/Epic Games/4.10/Engine/Content/ArtTools/RenderToTexture/Meshes/ShadowTestMesh.uasset' is outside repository
[2016.03.17-19.04.20:419][730]SourceControl: Info fatal: C:/Program Files/Epic Games/4.10/Engine/Content/ArtTools/RenderToTexture/Textures/127grey.uasset: 'C:/Program Files/Epic Games/4.10/Engine/Content/ArtTools/RenderToTexture/Textures/127grey.uasset' is outside repository
[2016.03.17-19.04.20:419][730]SourceControl: Info fatal: C:/Program Files/Epic Games/4.10/Engine/Content/ArtTools/RenderToTexture/Textures/FlipbookMotionVectors/Position1.uasset: 'C:/Program Files/Epic Games/4.10/Engine/Content/ArtTools/RenderToTexture/Textures/FlipbookMotionVectors/Position1.uasset' is outside repository
[2016.03.17-19.04.20:419][730]SourceControl: Info fatal: C:/Program Files/Epic Games/4.10/Engine/Content/BasicShapes/BasicShapeMaterial.uasset: 'C:/Program Files/Epic Games/4.10/Engine/Content/BasicShapes/BasicShapeMaterial.uasset' is outside repository
[2016.03.17-19.04.20:419][730]SourceControl: Info fatal: C:/Program Files/Epic Games/4.10/Engine/Content/BufferVisualization/AmbientOcclusion.uasset: 'C:/Program Files/Epic Games/4.10/Engine/Content/BufferVisualization/AmbientOcclusion.uasset' is outside repository
[2016.03.17-19.04.20:419][730]SourceControl: Info fatal: C:/Program Files/Epic Games/4.10/Engine/Content/Editor/Slate/Icons/AssetIcons/Cone_16x.uasset: 'C:/Program Files/Epic Games/4.10/Engine/Content/Editor/Slate/Icons/AssetIcons/Cone_16x.uasset' is outside repository
[2016.03.17-19.04.20:419][730]SourceControl: Info fatal: C:/Program Files/Epic Games/4.10/Engine/Content/EditorBlueprintResources/ActorMacros.uasset: 'C:/Program Files/Epic Games/4.10/Engine/Content/EditorBlueprintResources/ActorMacros.uasset' is outside repository
[2016.03.17-19.04.20:419][730]SourceControl: Info fatal: C:/Program Files/Epic Games/4.10/Engine/Content/EditorKismetResources/StandardMacros.uasset: 'C:/Program Files/Epic Games/4.10/Engine/Content/EditorKismetResources/StandardMacros.uasset' is outside repository
[2016.03.17-19.04.20:419][730]SourceControl: Info fatal: C:/Program Files/Epic Games/4.10/Engine/Content/EditorLandscapeResources/AlphaBrushMaterial.uasset: 'C:/Program Files/Epic Games/4.10/Engine/Content/EditorLandscapeResources/AlphaBrushMaterial.uasset' is outside repository
[2016.03.17-19.04.20:419][730]SourceControl: Info fatal: C:/Program Files/Epic Games/4.10/Engine/Content/EditorMaterials/Anchor.uasset: 'C:/Program Files/Epic Games/4.10/Engine/Content/EditorMaterials/Anchor.uasset' is outside repository
[2016.03.17-19.04.20:419][730]SourceControl: Info fatal: C:/Program Files/Epic Games/4.10/Engine/Content/EditorMaterials/TreeArrow_ExpandedRealtimePreview.uasset: 'C:/Program Files/Epic Games/4.10/Engine/Content/EditorMaterials/TreeArrow_ExpandedRealtimePreview.uasset' is outside repository
[2016.03.17-19.04.20:419][730]SourceControl: Info fatal: C:/Program Files/Epic Games/4.10/Engine/Content/EditorMaterials/Cascade/CASC_BackgroundCube_MAT.uasset: 'C:/Program Files/Epic Games/4.10/Engine/Content/EditorMaterials/Cascade/CASC_BackgroundCube_MAT.uasset' is outside repository
[2016.03.17-19.04.20:419][730]SourceControl: Info fatal: C:/Program Files/Epic Games/4.10/Engine/Content/EditorMaterials/Matinee/MAT_EnableTrack_Mat.uasset: 'C:/Program Files/Epic Games/4.10/Engine/Content/EditorMaterials/Matinee/MAT_EnableTrack_Mat.uasset' is outside repository
[2016.03.17-19.04.20:419][730]SourceControl: Info fatal: C:/Program Files/Epic Games/4.10/Engine/Content/EditorMaterials/MatineeGroups/MAT_ColorTrack.uasset: 'C:/Program Files/Epic Games/4.10/Engine/Content/EditorMaterials/MatineeGroups/MAT_ColorTrack.uasset' is outside repository
[2016.03.17-19.04.20:419][730]SourceControl: Info fatal: C:/Program Files/Epic Games/4.10/Engine/Content/EditorMaterials/ParticleSystems/PSysThumbnail_NoImage.uasset: 'C:/Program Files/Epic Games/4.10/Engine/Content/EditorMaterials/ParticleSystems/PSysThumbnail_NoImage.uasset' is outside repository
[2016.03.17-19.04.20:419][730]SourceControl: Info fatal: C:/Program Files/Epic Games/4.10/Engine/Content/EditorMaterials/Thumbnails/FloorPlaneMaterial.uasset: 'C:/Program Files/Epic Games/4.10/Engine/Content/EditorMaterials/Thumbnails/FloorPlaneMaterial.uasset' is outside repository
[2016.03.17-19.04.20:419][730]SourceControl: Info fatal: C:/Program Files/Epic Games/4.10/Engine/Content/EditorMaterials/Utilities/ImageReflectionPreview.uasset: 'C:/Program Files/Epic Games/4.10/Engine/Content/EditorMaterials/Utilities/ImageReflectionPreview.uasset' is outside repository
[2016.03.17-19.04.20:419][730]SourceControl: Info fatal: C:/Program Files/Epic Games/4.10/Engine/Content/EditorMeshes/AnimTreeEd_PreviewFloor.uasset: 'C:/Program Files/Epic Games/4.10/Engine/Content/EditorMeshes/AnimTreeEd_PreviewFloor.uasset' is outside repository
[2016.03.17-19.04.20:419][730]SourceControl: Info fatal: C:/Program Files/Epic Games/4.10/Engine/Content/EditorMeshes/Cascade/BackgroundCube.uasset: 'C:/Program Files/Epic Games/4.10/Engine/Content/EditorMeshes/Cascade/BackgroundCube.uasset' is outside repository
[2016.03.17-19.04.20:419][730]SourceControl: Info fatal: C:/Program Files/Epic Games/4.10/Engine/Content/EditorMeshes/ColorCalibrator/M_ChromeBall.uasset: 'C:/Program Files/Epic Games/4.10/Engine/Content/EditorMeshes/ColorCalibrator/M_ChromeBall.uasset' is outside repository
[2016.03.17-19.04.20:419][730]SourceControl: Info fatal: C:/Program Files/Epic Games/4.10/Engine/Content/EditorMeshes/SkeletalMesh/DefaultSkeletalMesh.uasset: 'C:/Program Files/Epic Games/4.10/Engine/Content/EditorMeshes/SkeletalMesh/DefaultSkeletalMesh.uasset' is outside repository
[2016.03.17-19.04.20:419][730]SourceControl: Info fatal: C:/Program Files/Epic Games/4.10/Engine/Content/EditorResources/Ai_Spawnpoint.uasset: 'C:/Program Files/Epic Games/4.10/Engine/Content/EditorResources/Ai_Spawnpoint.uasset' is outside repository
[2016.03.17-19.04.20:419][730]SourceControl: Info fatal: C:/Program Files/Epic Games/4.10/Engine/Content/EditorResources/S_Trigger.uasset: 'C:/Program Files/Epic Games/4.10/Engine/Content/EditorResources/S_Trigger.uasset' is outside repository
[2016.03.17-19.04.20:419][730]SourceControl: Info fatal: C:/Program Files/Epic Games/4.10/Engine/Content/EditorResources/AI/S_NavLink.uasset: 'C:/Program Files/Epic Games/4.10/Engine/Content/EditorResources/AI/S_NavLink.uasset' is outside repository
[2016.03.17-19.04.20:419][730]SourceControl: Info fatal: C:/Program Files/Epic Games/4.10/Engine/Content/EditorResources/AudioIcons/S_Ambient_Sound_Moveable.uasset: 'C:/Program Files/Epic Games/4.10/Engine/Content/EditorResources/AudioIcons/S_Ambient_Sound_Moveable.uasset' is outside repository
[2016.03.17-19.04.20:419][730]SourceControl: Info fatal: C:/Program Files/Epic Games/4.10/Engine/Content/EditorResources/Crowd/T_Crowd_Spline.uasset: 'C:/Program Files/Epic Games/4.10/Engine/Content/EditorResources/Crowd/T_Crowd_Spline.uasset' is outside repository
[2016.03.17-19.04.20:419][730]SourceControl: Info fatal: C:/Program Files/Epic Games/4.10/Engine/Content/EditorResources/LightIcons/Light_Point_Stationary_Statics.uasset: 'C:/Program Files/Epic Games/4.10/Engine/Content/EditorResources/LightIcons/Light_Point_Stationary_Statics.uasset' is outside repository
[2016.03.17-19.04.20:419][730]SourceControl: Info fatal: C:/Program Files/Epic Games/4.10/Engine/Content/EditorResources/Spline/T_Loft_Spline.uasset: 'C:/Program Files/Epic Games/4.10/Engine/Content/EditorResources/Spline/T_Loft_Spline.uasset' is outside repository
[2016.03.17-19.04.20:419][730]SourceControl: Info fatal: C:/Program Files/Epic Games/4.10/Engine/Content/EditorShapes/Materials/MI_ShapeInstance.uasset: 'C:/Program Files/Epic Games/4.10/Engine/Content/EditorShapes/Materials/MI_ShapeInstance.uasset' is outside repository
[2016.03.17-19.04.20:419][730]SourceControl: Info fatal: C:/Program Files/Epic Games/4.10/Engine/Content/EditorShapes/Textures/T_ShapeDiffuse.uasset: 'C:/Program Files/Epic Games/4.10/Engine/Content/EditorShapes/Textures/T_ShapeDiffuse.uasset' is outside repository
[2016.03.17-19.04.20:419][730]SourceControl: Info fatal: C:/Program Files/Epic Games/4.10/Engine/Content/EditorShellMaterials/MI_BaseFlat.uasset: 'C:/Program Files/Epic Games/4.10/Engine/Content/EditorShellMaterials/MI_BaseFlat.uasset' is outside repository
[2016.03.17-19.04.20:419][730]SourceControl: Info fatal: C:/Program Files/Epic Games/4.10/Engine/Content/EditorShellMaterials/ManualUVs/MI_BaseGrid_MUV.uasset: 'C:/Program Files/Epic Games/4.10/Engine/Content/EditorShellMaterials/ManualUVs/MI_BaseGrid_MUV.uasset' is outside repository
[2016.03.17-19.04.20:419][730]SourceControl: Info fatal: C:/Program Files/Epic Games/4.10/Engine/Content/EditorShellMaterials/SketchUp/MI_BaseGrid_WUV_SketchUp.uasset: 'C:/Program Files/Epic Games/4.10/Engine/Content/EditorShellMaterials/SketchUp/MI_BaseGrid_WUV_SketchUp.uasset' is outside repository
[2016.03.17-19.04.20:419][730]SourceControl: Info fatal: C:/Program Files/Epic Games/4.10/Engine/Content/EditorShellMaterials/WorldUVs/MI_BaseGrid_WUV.uasset: 'C:/Program Files/Epic Games/4.10/Engine/Content/EditorShellMaterials/WorldUVs/MI_BaseGrid_WUV.uasset' is outside repository
[2016.03.17-19.04.20:419][730]SourceControl: Info fatal: C:/Program Files/Epic Games/4.10/Engine/Content/EditorSounds/GamePreview/EjectFromPlayer.uasset: 'C:/Program Files/Epic Games/4.10/Engine/Content/EditorSounds/GamePreview/EjectFromPlayer.uasset' is outside repository
[2016.03.17-19.04.20:420][730]SourceControl: Info fatal: C:/Program Files/Epic Games/4.10/Engine/Content/EditorSounds/Notifications/CompileFailed.uasset: 'C:/Program Files/Epic Games/4.10/Engine/Content/EditorSounds/Notifications/CompileFailed.uasset' is outside repository
[2016.03.17-19.04.20:420][730]SourceControl: Info fatal: C:/Program Files/Epic Games/4.10/Engine/Content/EngineAnimNotifies/AnimNotify_PlayParticleEffect.uasset: 'C:/Program Files/Epic Games/4.10/Engine/Content/EngineAnimNotifies/AnimNotify_PlayParticleEffect.uasset' is outside repository
[2016.03.17-19.04.20:420][730]SourceControl: Info fatal: C:/Program Files/Epic Games/4.10/Engine/Content/EngineDamageTypes/DmgTypeBP_Environmental.uasset: 'C:/Program Files/Epic Games/4.10/Engine/Content/EngineDamageTypes/DmgTypeBP_Environmental.uasset' is outside repository
[2016.03.17-19.04.20:420][730]SourceControl: Info fatal: C:/Program Files/Epic Games/4.10/Engine/Content/EngineDebugMaterials/BlackUnlitMaterial.uasset: 'C:/Program Files/Epic Games/4.10/Engine/Content/EngineDebugMaterials/BlackUnlitMaterial.uasset' is outside repository
[2016.03.17-19.04.20:420][730]SourceControl: Info fatal: C:/Program Files/Epic Games/4.10/Engine/Content/EngineDebugMaterials/LightingModels/M_TextureDefinedSpecularReflecti.uasset: 'C:/Program Files/Epic Games/4.10/Engine/Content/EngineDebugMaterials/LightingModels/M_TextureDefinedSpecularReflecti.uasset' is outside repository
[2016.03.17-19.04.20:420][730]SourceControl: Info fatal: C:/Program Files/Epic Games/4.10/Engine/Content/EngineFonts/Roboto.uasset: 'C:/Program Files/Epic Games/4.10/Engine/Content/EngineFonts/Roboto.uasset' is outside repository
[2016.03.17-19.04.20:420][730]SourceControl: Info fatal: C:/Program Files/Epic Games/4.10/Engine/Content/EngineLightProfiles/180Degree_IES.uasset: 'C:/Program Files/Epic Games/4.10/Engine/Content/EngineLightProfiles/180Degree_IES.uasset' is outside repository
[2016.03.17-19.04.20:420][730]SourceControl: Info fatal: C:/Program Files/Epic Games/4.10/Engine/Content/EngineMaterials/AntiAliasedTextMaterialTranslucent.uasset: 'C:/Program Files/Epic Games/4.10/Engine/Content/EngineMaterials/AntiAliasedTextMaterialTranslucent.uasset' is outside repository
[2016.03.17-19.04.20:420][730]SourceControl: Info fatal: C:/Program Files/Epic Games/4.10/Engine/Content/EngineMaterials/RandomMirrorDisc.uasset: 'C:/Program Files/Epic Games/4.10/Engine/Content/EngineMaterials/RandomMirrorDisc.uasset' is outside repository
[2016.03.17-19.04.20:420][730]SourceControl: Info fatal: C:/Program Files/Epic Games/4.10/Engine/Content/EngineMeshes/BackgroundCube.uasset: 'C:/Program Files/Epic Games/4.10/Engine/Content/EngineMeshes/BackgroundCube.uasset' is outside repository
[2016.03.17-19.04.20:420][730]SourceControl: Info fatal: C:/Program Files/Epic Games/4.10/Engine/Content/EngineProduction/ReferenceNormalMap.uasset: 'C:/Program Files/Epic Games/4.10/Engine/Content/EngineProduction/ReferenceNormalMap.uasset' is outside repository
[2016.03.17-19.04.20:420][730]SourceControl: Info fatal: C:/Program Files/Epic Games/4.10/Engine/Content/EngineResources/AICON-Green.uasset: 'C:/Program Files/Epic Games/4.10/Engine/Content/EngineResources/AICON-Green.uasset' is outside repository
[2016.03.17-19.04.20:420][730]SourceControl: Info fatal: C:/Program Files/Epic Games/4.10/Engine/Content/EngineResources/Cursors/Arrow.uasset: 'C:/Program Files/Epic Games/4.10/Engine/Content/EngineResources/Cursors/Arrow.uasset' is outside repository
[2016.03.17-19.04.20:420][730]SourceControl: Info fatal: C:/Program Files/Epic Games/4.10/Engine/Content/EngineSky/BP_Sky_Shere.uasset: 'C:/Program Files/Epic Games/4.10/Engine/Content/EngineSky/BP_Sky_Shere.uasset' is outside repository
[2016.03.17-19.04.20:420][730]SourceControl: Info fatal: C:/Program Files/Epic Games/4.10/Engine/Content/EngineSounds/Duck_Normal_Attack_MixMod.uasset: 'C:/Program Files/Epic Games/4.10/Engine/Content/EngineSounds/Duck_Normal_Attack_MixMod.uasset' is outside repository
[2016.03.17-19.04.20:420][730]SourceControl: Info fatal: C:/Program Files/Epic Games/4.10/Engine/Content/EngineSounds/ReverbSettings/Alley.uasset: 'C:/Program Files/Epic Games/4.10/Engine/Content/EngineSounds/ReverbSettings/Alley.uasset' is outside repository
[2016.03.17-19.04.20:420][730]SourceControl: Info fatal: C:/Program Files/Epic Games/4.10/Engine/Content/EngineTireTypes/DefaultTireType.uasset: 'C:/Program Files/Epic Games/4.10/Engine/Content/EngineTireTypes/DefaultTireType.uasset' is outside repository
[2016.03.17-19.04.20:420][730]SourceControl: Info fatal: C:/Program Files/Epic Games/4.10/Engine/Content/EngineVolumetrics/FalloffSphere/Materials/M_EV_FalloffSphere_Master_01.uasset: 'C:/Program Files/Epic Games/4.10/Engine/Content/EngineVolumetrics/FalloffSphere/Materials/M_EV_FalloffSphere_Master_01.uasset' is outside repository
[2016.03.17-19.04.20:420][730]SourceControl: Info fatal: C:/Program Files/Epic Games/4.10/Engine/Content/EngineVolumetrics/FalloffSphere/Mesh/S_EV_FalloffSphere_Mesh_01.uasset: 'C:/Program Files/Epic Games/4.10/Engine/Content/EngineVolumetrics/FalloffSphere/Mesh/S_EV_FalloffSphere_Mesh_01.uasset' is outside repository
[2016.03.17-19.04.20:420][730]SourceControl: Info fatal: C:/Program Files/Epic Games/4.10/Engine/Content/EngineVolumetrics/FogEnvironment/Materials/M_EV_FogEnvironment_Master_01.uasset: 'C:/Program Files/Epic Games/4.10/Engine/Content/EngineVolumetrics/FogEnvironment/Materials/M_EV_FogEnvironment_Master_01.uasset' is outside repository
[2016.03.17-19.04.20:420][730]SourceControl: Info fatal: C:/Program Files/Epic Games/4.10/Engine/Content/EngineVolumetrics/FogEnvironment/Mesh/S_EV_FogEnvironment_01_Mesh.uasset: 'C:/Program Files/Epic Games/4.10/Engine/Content/EngineVolumetrics/FogEnvironment/Mesh/S_EV_FogEnvironment_01_Mesh.uasset' is outside repository
[2016.03.17-19.04.20:420][730]SourceControl: Info fatal: C:/Program Files/Epic Games/4.10/Engine/Content/EngineVolumetrics/Fogsheet/T_EV_Fogsheet_FlareColors_01.uasset: 'C:/Program Files/Epic Games/4.10/Engine/Content/EngineVolumetrics/Fogsheet/T_EV_Fogsheet_FlareColors_01.uasset' is outside repository
[2016.03.17-19.04.20:420][730]SourceControl: Info fatal: C:/Program Files/Epic Games/4.10/Engine/Content/EngineVolumetrics/Fogsheet/Materials/M_EV_FogSheet_1sided_Master_01.uasset: 'C:/Program Files/Epic Games/4.10/Engine/Content/EngineVolumetrics/Fogsheet/Materials/M_EV_FogSheet_1sided_Master_01.uasset' is outside repository
[2016.03.17-19.04.20:420][730]SourceControl: Info fatal: C:/Program Files/Epic Games/4.10/Engine/Content/EngineVolumetrics/Fogsheet/Mesh/MI_Fogsheet_HideClose.uasset: 'C:/Program Files/Epic Games/4.10/Engine/Content/EngineVolumetrics/Fogsheet/Mesh/MI_Fogsheet_HideClose.uasset' is outside repository
[2016.03.17-19.04.20:420][730]SourceControl: Info fatal: C:/Program Files/Epic Games/4.10/Engine/Content/EngineVolumetrics/LightBeam/Materials/M_EV_Lightbeam_Master_01.uasset: 'C:/Program Files/Epic Games/4.10/Engine/Content/EngineVolumetrics/LightBeam/Materials/M_EV_Lightbeam_Master_01.uasset' is outside repository
[2016.03.17-19.04.20:420][730]SourceControl: Info fatal: C:/Program Files/Epic Games/4.10/Engine/Content/EngineVolumetrics/LightBeam/Mesh/S_EV_SimpleLightBeam_01.uasset: 'C:/Program Files/Epic Games/4.10/Engine/Content/EngineVolumetrics/LightBeam/Mesh/S_EV_SimpleLightBeam_01.uasset' is outside repository
[2016.03.17-19.04.20:420][730]SourceControl: Info fatal: C:/Program Files/Epic Games/4.10/Engine/Content/Engine_MI_Shaders/MI_Shader_BaseTileEx.uasset: 'C:/Program Files/Epic Games/4.10/Engine/Content/Engine_MI_Shaders/MI_Shader_BaseTileEx.uasset' is outside repository
[2016.03.17-19.04.20:420][730]SourceControl: Info fatal: C:/Program Files/Epic Games/4.10/Engine/Content/Engine_MI_Shaders/Instances/M_ES_Phong_Opaque_INST_01.uasset: 'C:/Program Files/Epic Games/4.10/Engine/Content/Engine_MI_Shaders/Instances/M_ES_Phong_Opaque_INST_01.uasset' is outside repository
[2016.03.17-19.04.20:420][730]SourceControl: Info fatal: C:/Program Files/Epic Games/4.10/Engine/Content/Engine_MI_Shaders/Textures/Bokeh.uasset: 'C:/Program Files/Epic Games/4.10/Engine/Content/Engine_MI_Shaders/Textures/Bokeh.uasset' is outside repository
[2016.03.17-19.04.20:420][730]SourceControl: Info fatal: C:/Program Files/Epic Games/4.10/Engine/Content/FunctionalTesting/Blueprints/AITesting_MoveGoal.uasset: 'C:/Program Files/Epic Games/4.10/Engine/Content/FunctionalTesting/Blueprints/AITesting_MoveGoal.uasset' is outside repository
[2016.03.17-19.04.20:420][730]SourceControl: Info fatal: C:/Program Files/Epic Games/4.10/Engine/Content/Functions/DistanceFields/Combiners/DistanceField_Intersection.uasset: 'C:/Program Files/Epic Games/4.10/Engine/Content/Functions/DistanceFields/Combiners/DistanceField_Intersection.uasset' is outside repository
[2016.03.17-19.04.20:420][730]SourceControl: Info fatal: C:/Program Files/Epic Games/4.10/Engine/Content/Functions/DistanceFields/Shapes/DistanceField_Capsule.uasset: 'C:/Program Files/Epic Games/4.10/Engine/Content/Functions/DistanceFields/Shapes/DistanceField_Capsule.uasset' is outside repository
[2016.03.17-19.04.20:421][730]SourceControl: Info fatal: C:/Program Files/Epic Games/4.10/Engine/Content/Functions/Engine_MaterialFunctions01/AlphaBlend/World_Aligned_Blend.uasset: 'C:/Program Files/Epic Games/4.10/Engine/Content/Functions/Engine_MaterialFunctions01/AlphaBlend/World_Aligned_Blend.uasset' is outside repository
[2016.03.17-19.04.20:421][730]SourceControl: Info fatal: C:/Program Files/Epic Games/4.10/Engine/Content/Functions/Engine_MaterialFunctions01/Coordinates/DrawLine-2D.uasset: 'C:/Program Files/Epic Games/4.10/Engine/Content/Functions/Engine_MaterialFunctions01/Coordinates/DrawLine-2D.uasset' is outside repository
[2016.03.17-19.04.20:421][730]SourceControl: Info fatal: C:/Program Files/Epic Games/4.10/Engine/Content/Functions/Engine_MaterialFunctions01/Debug/FunctionGraphSetup.uasset: 'C:/Program Files/Epic Games/4.10/Engine/Content/Functions/Engine_MaterialFunctions01/Debug/FunctionGraphSetup.uasset' is outside repository
[2016.03.17-19.04.20:421][730]SourceControl: Info fatal: C:/Program Files/Epic Games/4.10/Engine/Content/Functions/Engine_MaterialFunctions01/Density/ExponentialDensity.uasset: 'C:/Program Files/Epic Games/4.10/Engine/Content/Functions/Engine_MaterialFunctions01/Density/ExponentialDensity.uasset' is outside repository
[2016.03.17-19.04.20:421][730]SourceControl: Info fatal: C:/Program Files/Epic Games/4.10/Engine/Content/Functions/Engine_MaterialFunctions01/Gradient/BellCurve.uasset: 'C:/Program Files/Epic Games/4.10/Engine/Content/Functions/Engine_MaterialFunctions01/Gradient/BellCurve.uasset' is outside repository
[2016.03.17-19.04.20:421][730]SourceControl: Info fatal: C:/Program Files/Epic Games/4.10/Engine/Content/Functions/Engine_MaterialFunctions01/ImageAdjustment/3ColorBlend.uasset: 'C:/Program Files/Epic Games/4.10/Engine/Content/Functions/Engine_MaterialFunctions01/ImageAdjustment/3ColorBlend.uasset' is outside repository
[2016.03.17-19.04.20:421][730]SourceControl: Info fatal: C:/Program Files/Epic Games/4.10/Engine/Content/Functions/Engine_MaterialFunctions01/Lighting/PixelDepthOffset_Foliage.uasset: 'C:/Program Files/Epic Games/4.10/Engine/Content/Functions/Engine_MaterialFunctions01/Lighting/PixelDepthOffset_Foliage.uasset' is outside repository
[2016.03.17-19.04.20:421][730]SourceControl: Info fatal: C:/Program Files/Epic Games/4.10/Engine/Content/Functions/Engine_MaterialFunctions01/Opacity/AlphaOffset.uasset: 'C:/Program Files/Epic Games/4.10/Engine/Content/Functions/Engine_MaterialFunctions01/Opacity/AlphaOffset.uasset' is outside repository
[2016.03.17-19.04.20:421][730]SourceControl: Info fatal: C:/Program Files/Epic Games/4.10/Engine/Content/Functions/Engine_MaterialFunctions01/Reflections/ReflectionVectorSoft.uasset: 'C:/Program Files/Epic Games/4.10/Engine/Content/Functions/Engine_MaterialFunctions01/Reflections/ReflectionVectorSoft.uasset' is outside repository
[2016.03.17-19.04.20:421][730]SourceControl: Info fatal: C:/Program Files/Epic Games/4.10/Engine/Content/Functions/Engine_MaterialFunctions01/Shading/CalcLightsourceAngle.uasset: 'C:/Program Files/Epic Games/4.10/Engine/Content/Functions/Engine_MaterialFunctions01/Shading/CalcLightsourceAngle.uasset' is outside repository
[2016.03.17-19.04.20:421][730]SourceControl: Info fatal: C:/Program Files/Epic Games/4.10/Engine/Content/Functions/Engine_MaterialFunctions01/SpeedTree/SpeedTreeColorVariation.uasset: 'C:/Program Files/Epic Games/4.10/Engine/Content/Functions/Engine_MaterialFunctions01/SpeedTree/SpeedTreeColorVariation.uasset' is outside repository
[2016.03.17-19.04.20:421][730]SourceControl: Info fatal: C:/Program Files/Epic Games/4.10/Engine/Content/Functions/Engine_MaterialFunctions01/Texturing/BakedDisplacement.uasset: 'C:/Program Files/Epic Games/4.10/Engine/Content/Functions/Engine_MaterialFunctions01/Texturing/BakedDisplacement.uasset' is outside repository
[2016.03.17-19.04.20:421][730]SourceControl: Info fatal: C:/Program Files/Epic Games/4.10/Engine/Content/Functions/Engine_MaterialFunctions01/Vectors/MF_RotateVector_90.uasset: 'C:/Program Files/Epic Games/4.10/Engine/Content/Functions/Engine_MaterialFunctions01/Vectors/MF_RotateVector_90.uasset' is outside repository
[2016.03.17-19.04.20:421][730]SourceControl: Info fatal: C:/Program Files/Epic Games/4.10/Engine/Content/Functions/Engine_MaterialFunctions01/WorldPositionOffset/ConstantScalebyDistance.uasset: 'C:/Program Files/Epic Games/4.10/Engine/Content/Functions/Engine_MaterialFunctions01/WorldPositionOffset/ConstantScalebyDistance.uasset' is outside repository
[2016.03.17-19.04.20:421][730]SourceControl: Info fatal: C:/Program Files/Epic Games/4.10/Engine/Content/Functions/Engine_MaterialFunctions02/3PointLevels.uasset: 'C:/Program Files/Epic Games/4.10/Engine/Content/Functions/Engine_MaterialFunctions02/3PointLevels.uasset' is outside repository
[2016.03.17-19.04.20:421][730]SourceControl: Info fatal: C:/Program Files/Epic Games/4.10/Engine/Content/Functions/Engine_MaterialFunctions02/ExampleContent/3dParticleOpacityInstance.uasset: 'C:/Program Files/Epic Games/4.10/Engine/Content/Functions/Engine_MaterialFunctions02/ExampleContent/3dParticleOpacityInstance.uasset' is outside repository
[2016.03.17-19.04.20:421][730]SourceControl: Info fatal: C:/Program Files/Epic Games/4.10/Engine/Content/Functions/Engine_MaterialFunctions02/ExampleContent/MacroUVs/MacroUVs.uasset: 'C:/Program Files/Epic Games/4.10/Engine/Content/Functions/Engine_MaterialFunctions02/ExampleContent/MacroUVs/MacroUVs.uasset' is outside repository
[2016.03.17-19.04.20:421][730]SourceControl: Info fatal: C:/Program Files/Epic Games/4.10/Engine/Content/Functions/Engine_MaterialFunctions02/ExampleContent/TextureBasedWPO/DemoBox.uasset: 'C:/Program Files/Epic Games/4.10/Engine/Content/Functions/Engine_MaterialFunctions02/ExampleContent/TextureBasedWPO/DemoBox.uasset' is outside repository
[2016.03.17-19.04.20:421][730]SourceControl: Info fatal: C:/Program Files/Epic Games/4.10/Engine/Content/Functions/Engine_MaterialFunctions02/ExampleContent/Textures/DebugNumberPeriod.uasset: 'C:/Program Files/Epic Games/4.10/Engine/Content/Functions/Engine_MaterialFunctions02/ExampleContent/Textures/DebugNumberPeriod.uasset' is outside repository
[2016.03.17-19.04.20:421][730]SourceControl: Info fatal: C:/Program Files/Epic Games/4.10/Engine/Content/Functions/Engine_MaterialFunctions02/Gradients/GradientMap_Multi.uasset: 'C:/Program Files/Epic Games/4.10/Engine/Content/Functions/Engine_MaterialFunctions02/Gradients/GradientMap_Multi.uasset' is outside repository
[2016.03.17-19.04.20:421][730]SourceControl: Info fatal: C:/Program Files/Epic Games/4.10/Engine/Content/Functions/Engine_MaterialFunctions02/Math/AddComponents.uasset: 'C:/Program Files/Epic Games/4.10/Engine/Content/Functions/Engine_MaterialFunctions02/Math/AddComponents.uasset' is outside repository
[2016.03.17-19.04.20:421][730]SourceControl: Info fatal: C:/Program Files/Epic Games/4.10/Engine/Content/Functions/Engine_MaterialFunctions02/MAXScripts/MeshSequenceFlipbook_Script.uasset: 'C:/Program Files/Epic Games/4.10/Engine/Content/Functions/Engine_MaterialFunctions02/MAXScripts/MeshSequenceFlipbook_Script.uasset' is outside repository
[2016.03.17-19.04.20:421][730]SourceControl: Info fatal: C:/Program Files/Epic Games/4.10/Engine/Content/Functions/Engine_MaterialFunctions02/Normals/RotateNormalWhileMasking.uasset: 'C:/Program Files/Epic Games/4.10/Engine/Content/Functions/Engine_MaterialFunctions02/Normals/RotateNormalWhileMasking.uasset' is outside repository
[2016.03.17-19.04.20:421][730]SourceControl: Info fatal: C:/Program Files/Epic Games/4.10/Engine/Content/Functions/Engine_MaterialFunctions02/NotInUse/WorldAlignedNormals_HighQuality_optimizationAttempt.uasset: 'C:/Program Files/Epic Games/4.10/Engine/Content/Functions/Engine_MaterialFunctions02/NotInUse/WorldAlignedNormals_HighQuality_optimizationAttempt.uasset' is outside repository
[2016.03.17-19.04.20:421][730]SourceControl: Info fatal: C:/Program Files/Epic Games/4.10/Engine/Content/Functions/Engine_MaterialFunctions02/PivotPainter/PivotPainter_HierarchyData.uasset: 'C:/Program Files/Epic Games/4.10/Engine/Content/Functions/Engine_MaterialFunctions02/PivotPainter/PivotPainter_HierarchyData.uasset' is outside repository
[2016.03.17-19.04.20:421][730]SourceControl: Info fatal: C:/Program Files/Epic Games/4.10/Engine/Content/Functions/Engine_MaterialFunctions02/Texturing/3dParticleOpacity.uasset: 'C:/Program Files/Epic Games/4.10/Engine/Content/Functions/Engine_MaterialFunctions02/Texturing/3dParticleOpacity.uasset' is outside repository
[2016.03.17-19.04.20:421][730]SourceControl: Info fatal: C:/Program Files/Epic Games/4.10/Engine/Content/Functions/Engine_MaterialFunctions02/Utility/Append4.uasset: 'C:/Program Files/Epic Games/4.10/Engine/Content/Functions/Engine_MaterialFunctions02/Utility/Append4.uasset' is outside repository
[2016.03.17-19.04.20:421][730]SourceControl: Info fatal: C:/Program Files/Epic Games/4.10/Engine/Content/Functions/Engine_MaterialFunctions02/UVs/BoundingBoxBased_0-1_UVW.uasset: 'C:/Program Files/Epic Games/4.10/Engine/Content/Functions/Engine_MaterialFunctions02/UVs/BoundingBoxBased_0-1_UVW.uasset' is outside repository
[2016.03.17-19.04.20:421][730]SourceControl: Info fatal: C:/Program Files/Epic Games/4.10/Engine/Content/Functions/Engine_MaterialFunctions02/WorldPositionOffset/AdjustNormalsToCompensateForRotateAboutAxisOffset.uasset: 'C:/Program Files/Epic Games/4.10/Engine/Content/Functions/Engine_MaterialFunctions02/WorldPositionOffset/AdjustNormalsToCompensateForRotateAboutAxisOffset.uasset' is outside repository
[2016.03.17-19.04.20:421][730]SourceControl: Info fatal: C:/Program Files/Epic Games/4.10/Engine/Content/Functions/Engine_MaterialFunctions03/Blends/Blend_ColorBurn.uasset: 'C:/Program Files/Epic Games/4.10/Engine/Content/Functions/Engine_MaterialFunctions03/Blends/Blend_ColorBurn.uasset' is outside repository
[2016.03.17-19.04.20:421][730]SourceControl: Info fatal: C:/Program Files/Epic Games/4.10/Engine/Content/Functions/Engine_MaterialFunctions03/ComplexMotion/Motion_4WayChaos.uasset: 'C:/Program Files/Epic Games/4.10/Engine/Content/Functions/Engine_MaterialFunctions03/ComplexMotion/Motion_4WayChaos.uasset' is outside repository
[2016.03.17-19.04.20:421][730]SourceControl: Info fatal: C:/Program Files/Epic Games/4.10/Engine/Content/Functions/Engine_MaterialFunctions03/Particles/Distance_Blend.uasset: 'C:/Program Files/Epic Games/4.10/Engine/Content/Functions/Engine_MaterialFunctions03/Particles/Distance_Blend.uasset' is outside repository
[2016.03.17-19.04.20:422][730]SourceControl: Info fatal: C:/Program Files/Epic Games/4.10/Engine/Content/Functions/Engine_MaterialFunctions03/Procedurals/ComputeFilterWidth.uasset: 'C:/Program Files/Epic Games/4.10/Engine/Content/Functions/Engine_MaterialFunctions03/Procedurals/ComputeFilterWidth.uasset' is outside repository
[2016.03.17-19.04.20:422][730]SourceControl: Info fatal: C:/Program Files/Epic Games/4.10/Engine/Content/Functions/Engine_MaterialFunctions03/Texturing/CameraWorldBlend.uasset: 'C:/Program Files/Epic Games/4.10/Engine/Content/Functions/Engine_MaterialFunctions03/Texturing/CameraWorldBlend.uasset' is outside repository
[2016.03.17-19.04.20:422][730]SourceControl: Info fatal: C:/Program Files/Epic Games/4.10/Engine/Content/Functions/GetPostProcessFunctions/GetAmbientCubemapIntensity.uasset: 'C:/Program Files/Epic Games/4.10/Engine/Content/Functions/GetPostProcessFunctions/GetAmbientCubemapIntensity.uasset' is outside repository
[2016.03.17-19.04.20:422][730]SourceControl: Info fatal: C:/Program Files/Epic Games/4.10/Engine/Content/Functions/MaterialLayerFunctions/MatLayerBlend_AddWorldPositionOffset.uasset: 'C:/Program Files/Epic Games/4.10/Engine/Content/Functions/MaterialLayerFunctions/MatLayerBlend_AddWorldPositionOffset.uasset' is outside repository
[2016.03.17-19.04.20:422][730]SourceControl: Info fatal: C:/Program Files/Epic Games/4.10/Engine/Content/Maps/Entry.umap: 'C:/Program Files/Epic Games/4.10/Engine/Content/Maps/Entry.umap' is outside repository
[2016.03.17-19.04.20:422][730]SourceControl: Info fatal: C:/Program Files/Epic Games/4.10/Engine/Content/Maps/Templates/Template_Default.umap: 'C:/Program Files/Epic Games/4.10/Engine/Content/Maps/Templates/Template_Default.umap' is outside repository
[2016.03.17-19.04.20:422][730]SourceControl: Info fatal: C:/Program Files/Epic Games/4.10/Engine/Content/Maps/Templates/Thumbnails/Default.uasset: 'C:/Program Files/Epic Games/4.10/Engine/Content/Maps/Templates/Thumbnails/Default.uasset' is outside repository
[2016.03.17-19.04.20:422][730]SourceControl: Info fatal: C:/Program Files/Epic Games/4.10/Engine/Content/MapTemplates/Bokeh_5Sides.uasset: 'C:/Program Files/Epic Games/4.10/Engine/Content/MapTemplates/Bokeh_5Sides.uasset' is outside repository
[2016.03.17-19.04.20:422][730]SourceControl: Info fatal: C:/Program Files/Epic Games/4.10/Engine/Content/MapTemplates/lut/LUT_Afternoon.uasset: 'C:/Program Files/Epic Games/4.10/Engine/Content/MapTemplates/lut/LUT_Afternoon.uasset' is outside repository
[2016.03.17-19.04.20:422][730]SourceControl: Info fatal: C:/Program Files/Epic Games/4.10/Engine/Content/MapTemplates/Materials/BasicAsset01.uasset: 'C:/Program Files/Epic Games/4.10/Engine/Content/MapTemplates/Materials/BasicAsset01.uasset' is outside repository
[2016.03.17-19.04.20:422][730]SourceControl: Info fatal: C:/Program Files/Epic Games/4.10/Engine/Content/MapTemplates/Sky/DaylightAmbientCubemap.uasset: 'C:/Program Files/Epic Games/4.10/Engine/Content/MapTemplates/Sky/DaylightAmbientCubemap.uasset' is outside repository
[2016.03.17-19.04.20:422][730]SourceControl: Info fatal: C:/Program Files/Epic Games/4.10/Engine/Content/MaterialTemplates/Gradients/Gradient_Linear.uasset: 'C:/Program Files/Epic Games/4.10/Engine/Content/MaterialTemplates/Gradients/Gradient_Linear.uasset' is outside repository
[2016.03.17-19.04.20:422][730]SourceControl: Info fatal: C:/Program Files/Epic Games/4.10/Engine/Content/MaterialTemplates/PerfTricks/MultiChannelMask.uasset: 'C:/Program Files/Epic Games/4.10/Engine/Content/MaterialTemplates/PerfTricks/MultiChannelMask.uasset' is outside repository
[2016.03.17-19.04.20:422][730]SourceControl: Info fatal: C:/Program Files/Epic Games/4.10/Engine/Content/MaterialTemplates/Textures/T_multiMask.uasset: 'C:/Program Files/Epic Games/4.10/Engine/Content/MaterialTemplates/Textures/T_multiMask.uasset' is outside repository
[2016.03.17-19.04.20:422][730]SourceControl: Info fatal: C:/Program Files/Epic Games/4.10/Engine/Content/MaterialTemplates/VertexAnimation/AdvancedFlag.uasset: 'C:/Program Files/Epic Games/4.10/Engine/Content/MaterialTemplates/VertexAnimation/AdvancedFlag.uasset' is outside repository
[2016.03.17-19.04.20:422][730]SourceControl: Info fatal: C:/Program Files/Epic Games/4.10/Engine/Content/MobileResources/T_MobileControls_texture.uasset: 'C:/Program Files/Epic Games/4.10/Engine/Content/MobileResources/T_MobileControls_texture.uasset' is outside repository
[2016.03.17-19.04.20:422][730]SourceControl: Info fatal: C:/Program Files/Epic Games/4.10/Engine/Content/MobileResources/HUD/AnalogHat.uasset: 'C:/Program Files/Epic Games/4.10/Engine/Content/MobileResources/HUD/AnalogHat.uasset' is outside repository
[2016.03.17-19.04.20:422][730]SourceControl: Info fatal: C:/Program Files/Epic Games/4.10/Engine/Content/TemplateResources/MI_Template_BaseBlue.uasset: 'C:/Program Files/Epic Games/4.10/Engine/Content/TemplateResources/MI_Template_BaseBlue.uasset' is outside repository
[2016.03.17-19.04.20:422][730]SourceControl: Info fatal: C:/Program Files/Epic Games/4.10/Engine/Content/Tutorial/ContentIntroCurve.uasset: 'C:/Program Files/Epic Games/4.10/Engine/Content/Tutorial/ContentIntroCurve.uasset' is outside repository
[2016.03.17-19.04.20:422][730]SourceControl: Info fatal: C:/Program Files/Epic Games/4.10/Engine/Content/Tutorial/Audio/Audience.uasset: 'C:/Program Files/Epic Games/4.10/Engine/Content/Tutorial/Audio/Audience.uasset' is outside repository
[2016.03.17-19.04.20:422][730]SourceControl: Info fatal: C:/Program Files/Epic Games/4.10/Engine/Content/Tutorial/Basics/ContentBrowserOverview.uasset: 'C:/Program Files/Epic Games/4.10/Engine/Content/Tutorial/Basics/ContentBrowserOverview.uasset' is outside repository
[2016.03.17-19.04.20:422][730]SourceControl: Info fatal: C:/Program Files/Epic Games/4.10/Engine/Content/Tutorial/Basics/TutorialAssets/CameraActor_64x.uasset: 'C:/Program Files/Epic Games/4.10/Engine/Content/Tutorial/Basics/TutorialAssets/CameraActor_64x.uasset' is outside repository
[2016.03.17-19.04.20:422][730]SourceControl: Info fatal: C:/Program Files/Epic Games/4.10/Engine/Content/Tutorial/BlueprintTutorials/BlueprintEditorTutorial.uasset: 'C:/Program Files/Epic Games/4.10/Engine/Content/Tutorial/BlueprintTutorials/BlueprintEditorTutorial.uasset' is outside repository
[2016.03.17-19.04.20:422][730]SourceControl: Info fatal: C:/Program Files/Epic Games/4.10/Engine/Content/Tutorial/BlueprintTutorials/TutorialAssets/BlueprintFunctionLibrary_64x.uasset: 'C:/Program Files/Epic Games/4.10/Engine/Content/Tutorial/BlueprintTutorials/TutorialAssets/BlueprintFunctionLibrary_64x.uasset' is outside repository
[2016.03.17-19.04.20:422][730]SourceControl: Info fatal: C:/Program Files/Epic Games/4.10/Engine/Content/Tutorial/Code/AddingCode.uasset: 'C:/Program Files/Epic Games/4.10/Engine/Content/Tutorial/Code/AddingCode.uasset' is outside repository
[2016.03.17-19.04.20:422][730]SourceControl: Info fatal: C:/Program Files/Epic Games/4.10/Engine/Content/Tutorial/Foliage/FoliageWalkThrough.uasset: 'C:/Program Files/Epic Games/4.10/Engine/Content/Tutorial/Foliage/FoliageWalkThrough.uasset' is outside repository
[2016.03.17-19.04.20:422][730]SourceControl: Info fatal: C:/Program Files/Epic Games/4.10/Engine/Content/Tutorial/Foliage/TutorialAssets/Foliage.uasset: 'C:/Program Files/Epic Games/4.10/Engine/Content/Tutorial/Foliage/TutorialAssets/Foliage.uasset' is outside repository
[2016.03.17-19.04.20:422][730]SourceControl: Info fatal: C:/Program Files/Epic Games/4.10/Engine/Content/Tutorial/Installation/InstallingVisualStudioTutorial.uasset: 'C:/Program Files/Epic Games/4.10/Engine/Content/Tutorial/Installation/InstallingVisualStudioTutorial.uasset' is outside repository
[2016.03.17-19.04.20:422][730]SourceControl: Info fatal: C:/Program Files/Epic Games/4.10/Engine/Content/Tutorial/InWorldBlueprintEditing/IWBE_Tutorial.uasset: 'C:/Program Files/Epic Games/4.10/Engine/Content/Tutorial/InWorldBlueprintEditing/IWBE_Tutorial.uasset' is outside repository
[2016.03.17-19.04.20:422][730]SourceControl: Info fatal: C:/Program Files/Epic Games/4.10/Engine/Content/Tutorial/InWorldBlueprintEditing/TutorialAssets/IWBE_Blutility.uasset: 'C:/Program Files/Epic Games/4.10/Engine/Content/Tutorial/InWorldBlueprintEditing/TutorialAssets/IWBE_Blutility.uasset' is outside repository
[2016.03.17-19.04.20:422][730]SourceControl: Info fatal: C:/Program Files/Epic Games/4.10/Engine/Content/Tutorial/Landscape/LandscapeWalkThrough.uasset: 'C:/Program Files/Epic Games/4.10/Engine/Content/Tutorial/Landscape/LandscapeWalkThrough.uasset' is outside repository
[2016.03.17-19.04.20:422][730]SourceControl: Info fatal: C:/Program Files/Epic Games/4.10/Engine/Content/Tutorial/Landscape/TutorialAssets/Landscape.uasset: 'C:/Program Files/Epic Games/4.10/Engine/Content/Tutorial/Landscape/TutorialAssets/Landscape.uasset' is outside repository
[2016.03.17-19.04.20:422][730]SourceControl: Info fatal: C:/Program Files/Epic Games/4.10/Engine/Content/Tutorial/Mobile/CreatingSigningCertAndProvisionTutorial.uasset: 'C:/Program Files/Epic Games/4.10/Engine/Content/Tutorial/Mobile/CreatingSigningCertAndProvisionTutorial.uasset' is outside repository
[2016.03.17-19.04.20:422][730]SourceControl: Info fatal: C:/Program Files/Epic Games/4.10/Engine/Content/Tutorial/Mobile/TutorialAssets/android_Icon.uasset: 'C:/Program Files/Epic Games/4.10/Engine/Content/Tutorial/Mobile/TutorialAssets/android_Icon.uasset' is outside repository
[2016.03.17-19.04.20:422][730]SourceControl: Info fatal: C:/Program Files/Epic Games/4.10/Engine/Content/Tutorial/Paper2D/FlipbookEditorTutorial.uasset: 'C:/Program Files/Epic Games/4.10/Engine/Content/Tutorial/Paper2D/FlipbookEditorTutorial.uasset' is outside repository
[2016.03.17-19.04.20:422][730]SourceControl: Info fatal: C:/Program Files/Epic Games/4.10/Engine/Content/Tutorial/Paper2D/TutorialAssets/Paper2DFlipbook_TutorialIcon.uasset: 'C:/Program Files/Epic Games/4.10/Engine/Content/Tutorial/Paper2D/TutorialAssets/Paper2DFlipbook_TutorialIcon.uasset' is outside repository
[2016.03.17-19.04.20:422][730]SourceControl: Info fatal: C:/Program Files/Epic Games/4.10/Engine/Content/Tutorial/SubEditors/DestructibleMeshEditorTutorial.uasset: 'C:/Program Files/Epic Games/4.10/Engine/Content/Tutorial/SubEditors/DestructibleMeshEditorTutorial.uasset' is outside repository
[2016.03.17-19.04.20:423][730]SourceControl: Info fatal: C:/Program Files/Epic Games/4.10/Engine/Content/Tutorial/SubEditors/TutorialAssets/icon_Editor_Preferences_General_40x.uasset: 'C:/Program Files/Epic Games/4.10/Engine/Content/Tutorial/SubEditors/TutorialAssets/icon_Editor_Preferences_General_40x.uasset' is outside repository
[2016.03.17-19.04.20:423][730]SourceControl: Info fatal: C:/Program Files/Epic Games/4.10/Engine/Content/Tutorial/SubEditors/TutorialAssets/Character/NewBlendSpace1D.uasset: 'C:/Program Files/Epic Games/4.10/Engine/Content/Tutorial/SubEditors/TutorialAssets/Character/NewBlendSpace1D.uasset' is outside repository
[2016.03.17-19.04.20:423][730]SourceControl: Info fatal: C:/Program Files/Epic Games/4.10/Engine/Plugins/2D/Paper2D/Content/DefaultLitSpriteMaterial.uasset: 'C:/Program Files/Epic Games/4.10/Engine/Plugins/2D/Paper2D/Content/DefaultLitSpriteMaterial.uasset' is outside repository
[2016.03.17-19.04.20:423][730]SourceControl: Info fatal: C:/Program Files/Epic Games/4.10/Engine/Plugins/2D/Paper2D/Content/PlaceholderTextures/DummySpriteTexture.uasset: 'C:/Program Files/Epic Games/4.10/Engine/Plugins/2D/Paper2D/Content/PlaceholderTextures/DummySpriteTexture.uasset' is outside repository
[2016.03.17-19.04.20:423][730]SourceControl: Info fatal: C:/Program Files/Epic Games/4.10/Engine/Plugins/Runtime/LeapMotionController/Content/LM_CapsuleMesh.uasset: 'C:/Program Files/Epic Games/4.10/Engine/Plugins/Runtime/LeapMotionController/Content/LM_CapsuleMesh.uasset' is outside repository
[2016.03.17-19.04.20:423][730]SourceControl: Info fatal: C:/Program Files/Epic Games/4.10/Engine/Content/: 'C:/Program Files/Epic Games/4.10/Engine/Content/' is outside repository
[2016.03.17-19.04.38:649][730]LogSourceControl: FGitCheckInWorker: commit successful
[2016.03.17-19.04.38:682][730]SourceControl: Info [master b0b1e14] teste gitignore
[2016.03.17-19.04.38:682][730]SourceControl: Info  1 file changed, 0 insertions(+), 0 deletions(-)
[2016.03.17-19.04.38:685][730]SourceControl: Info Commited [master b0b1e14] teste gitignore.
[2016.03.17-19.04.43:744][  8]LogWindowsTextInputMethodSystem:Display: IME system now deactivated.
[2016.03.17-19.04.44:030][  9]Cmd: QUIT_EDITOR
[2016.03.17-19.04.44:179][  9]LogExit: Preparing to exit.
[2016.03.17-19.04.44:843][  9]LogExit: Editor shut down
[2016.03.17-19.04.44:843][  9]LogExit: Transaction tracking system shut down
[2016.03.17-19.04.44:844][  9]LogParticles: Destroying 0 GPU particle simulations for FXSystem 0x000000DEBAE0B740
[2016.03.17-19.04.44:844][  9]LogParticles: Destroying 0 GPU particle simulations for FXSystem 0x000000DEB80B5620
[2016.03.17-19.04.44:844][  9]LogParticles: Destroying 0 GPU particle simulations for FXSystem 0x000000DEB85F1760
[2016.03.17-19.04.44:845][  9]LogParticles: Destroying 0 GPU particle simulations for FXSystem 0x000000DEA2B4CCC0
[2016.03.17-19.04.45:337][  9]LogExit: Object subsystem successfully closed.
[2016.03.17-19.04.45:354][  9]LogD3D11RHI: Shutdown
[2016.03.17-19.04.45:354][  9]LogD3D11RHI: CleanupD3DDevice
[2016.03.17-19.04.45:432][  9]LogD3D11RHI: ~FD3D11DynamicRHI
[2016.03.17-19.04.45:463][  9]LogModuleManager: Shutting down and abandoning module CookingStats (200)
[2016.03.17-19.04.45:463][  9]LogModuleManager: Shutting down and abandoning module CrashTracker (199)
[2016.03.17-19.04.45:463][  9]LogModuleManager: Shutting down and abandoning module SceneOutliner (198)
[2016.03.17-19.04.45:463][  9]LogModuleManager: Shutting down and abandoning module SuperSearch (197)
[2016.03.17-19.04.45:463][  9]LogModuleManager: Shutting down and abandoning module WidgetCarousel (196)
[2016.03.17-19.04.45:463][  9]LogModuleManager: Shutting down and abandoning module AddContentDialog (195)
[2016.03.17-19.04.45:464][  9]LogModuleManager: Shutting down and abandoning module EditorWidgets (194)
[2016.03.17-19.04.45:464][  9]LogModuleManager: Shutting down and abandoning module CollectionManager (193)
[2016.03.17-19.04.45:464][  9]LogModuleManager: Shutting down and abandoning module StatsViewer (192)
[2016.03.17-19.04.45:464][  9]LogModuleManager: Shutting down and abandoning module FoliageEdit (191)
[2016.03.17-19.04.45:464][  9]LogModuleManager: Shutting down and abandoning module LandscapeEditor (190)
[2016.03.17-19.04.45:464][  9]LogModuleManager: Shutting down and abandoning module ActorPickerMode (189)
[2016.03.17-19.04.45:464][  9]LogModuleManager: Shutting down and abandoning module GeometryMode (188)
[2016.03.17-19.04.45:464][  9]LogModuleManager: Shutting down and abandoning module TextureAlignMode (187)
[2016.03.17-19.04.45:464][  9]LogModuleManager: Shutting down and abandoning module BspMode (186)
[2016.03.17-19.04.45:464][  9]LogModuleManager: Shutting down and abandoning module PlacementMode (185)
[2016.03.17-19.04.45:464][  9]LogModuleManager: Shutting down and abandoning module AutomationWorker (184)
[2016.03.17-19.04.45:464][  9]LogModuleManager: Shutting down and abandoning module CharacterAI (183)
[2016.03.17-19.04.45:464][  9]LogModuleManager: Shutting down and abandoning module SmartSnapping (182)
[2016.03.17-19.04.45:464][  9]LogModuleManager: Shutting down and abandoning module ViewportSnapping (181)
[2016.03.17-19.04.45:464][  9]LogModuleManager: Shutting down and abandoning module LogVisualizer (180)
[2016.03.17-19.04.45:464][  9]LogModuleManager: Shutting down and abandoning module GameProjectGeneration (179)
[2016.03.17-19.04.45:464][  9]LogModuleManager: Shutting down and abandoning module IntroTutorials (178)
[2016.03.17-19.04.45:465][  9]LogModuleManager: Shutting down and abandoning module EditorLiveStreaming (177)
[2016.03.17-19.04.45:465][  9]LogModuleManager: Shutting down and abandoning module IOSPlatformEditor (176)
[2016.03.17-19.04.45:465][  9]LogModuleManager: Shutting down and abandoning module HTML5PlatformEditor (175)
[2016.03.17-19.04.45:465][  9]LogModuleManager: Shutting down and abandoning module AndroidDeviceDetection (174)
[2016.03.17-19.04.45:601][  9]LogModuleManager: Shutting down and abandoning module AndroidPlatformEditor (173)
[2016.03.17-19.04.45:601][  9]LogModuleManager: Shutting down and abandoning module IOSRuntimeSettings (172)
[2016.03.17-19.04.45:601][  9]LogModuleManager: Shutting down and abandoning module AndroidRuntimeSettings (171)
[2016.03.17-19.04.45:601][  9]LogModuleManager: Shutting down and abandoning module MergeActors (170)
[2016.03.17-19.04.45:601][  9]LogModuleManager: Shutting down and abandoning module SizeMap (169)
[2016.03.17-19.04.45:601][  9]LogModuleManager: Shutting down and abandoning module TreeMap (168)
[2016.03.17-19.04.45:601][  9]LogModuleManager: Shutting down and abandoning module ReferenceViewer (167)
[2016.03.17-19.04.45:601][  9]LogModuleManager: Shutting down and abandoning module LocalizationService (166)
[2016.03.17-19.04.45:601][  9]LogModuleManager: Shutting down and abandoning module LocalizationDashboard (165)
[2016.03.17-19.04.45:601][  9]LogModuleManager: Shutting down and abandoning module HardwareTargeting (164)
[2016.03.17-19.04.45:601][  9]LogModuleManager: Shutting down and abandoning module DeviceProfileEditor (163)
[2016.03.17-19.04.45:601][  9]LogModuleManager: Shutting down and abandoning module UndoHistory (162)
[2016.03.17-19.04.45:601][  9]LogModuleManager: Shutting down and abandoning module GameplayTagsEditor (161)
[2016.03.17-19.04.45:601][  9]LogModuleManager: Shutting down and abandoning module UserFeedback (160)
[2016.03.17-19.04.45:601][  9]LogModuleManager: Shutting down and abandoning module XmlParser (159)
[2016.03.17-19.04.45:601][  9]LogModuleManager: Shutting down and abandoning module Blutility (158)
[2016.03.17-19.04.45:601][  9]LogModuleManager: Shutting down and abandoning module ProjectTargetPlatformEditor (157)
[2016.03.17-19.04.45:601][  9]LogModuleManager: Shutting down and abandoning module ProjectSettingsViewer (156)
[2016.03.17-19.04.45:601][  9]LogModuleManager: Shutting down and abandoning module InputBindingEditor (155)
[2016.03.17-19.04.45:602][  9]LogModuleManager: Shutting down and abandoning module EditorSettingsViewer (154)
[2016.03.17-19.04.45:602][  9]LogModuleManager: Shutting down and abandoning module SettingsEditor (153)
[2016.03.17-19.04.45:602][  9]LogModuleManager: Shutting down and abandoning module ProjectLauncher (152)
[2016.03.17-19.04.45:602][  9]LogModuleManager: Shutting down and abandoning module SessionFrontend (151)
[2016.03.17-19.04.45:602][  9]LogModuleManager: Shutting down and abandoning module ProfilerClient (150)
[2016.03.17-19.04.45:602][  9]LogModuleManager: Shutting down and abandoning module TargetDeviceServices (149)
[2016.03.17-19.04.45:602][  9]LogModuleManager: Shutting down and abandoning module DeviceManager (148)
[2016.03.17-19.04.45:602][  9]LogModuleManager: Shutting down and abandoning module AutomationController (147)
[2016.03.17-19.04.45:602][  9]LogModuleManager: Shutting down and abandoning module AutomationWindow (146)
[2016.03.17-19.04.45:602][  9]LogModuleManager: Shutting down and abandoning module Layers (145)
[2016.03.17-19.04.45:602][  9]LogModuleManager: Shutting down and abandoning module ComponentVisualizers (144)
[2016.03.17-19.04.45:602][  9]LogModuleManager: Shutting down and abandoning module DetailCustomizations (143)
[2016.03.17-19.04.45:602][  9]LogModuleManager: Shutting down and abandoning module PackagesDialog (142)
[2016.03.17-19.04.45:602][  9]LogModuleManager: Shutting down and abandoning module Persona (141)
[2016.03.17-19.04.45:602][  9]LogModuleManager: Shutting down and abandoning module Kismet (140)
[2016.03.17-19.04.45:602][  9]LogModuleManager: Shutting down and abandoning module GraphEditor (139)
[2016.03.17-19.04.45:602][  9]LogModuleManager: Shutting down and abandoning module ClassViewer (138)
[2016.03.17-19.04.45:602][  9]LogModuleManager: Shutting down and abandoning module Toolbox (137)
[2016.03.17-19.04.45:603][  9]LogModuleManager: Shutting down and abandoning module ModuleUI (136)
[2016.03.17-19.04.45:603][  9]LogModuleManager: Shutting down and abandoning module MovieSceneTools (135)
[2016.03.17-19.04.45:603][  9]LogModuleManager: Shutting down and abandoning module OutputLog (134)
[2016.03.17-19.04.45:603][  9]LogModuleManager: Shutting down and abandoning module GammaUI (133)
[2016.03.17-19.04.45:603][  9]LogModuleManager: Shutting down and abandoning module Documentation (132)
[2016.03.17-19.04.45:603][  9]LogModuleManager: Shutting down and abandoning module GameLiveStreaming (131)
[2016.03.17-19.04.45:603][  9]LogModuleManager: Shutting down and abandoning module StreamingPauseRendering (130)
[2016.03.17-19.04.45:603][  9]LogModuleManager: Shutting down and abandoning module AnalyticsET (129)
[2016.03.17-19.04.45:603][  9]LogModuleManager: Shutting down and abandoning module Analytics (128)
[2016.03.17-19.04.45:603][  9]LogModuleManager: Shutting down and abandoning module AITestSuite (127)
[2016.03.17-19.04.45:603][  9]LogModuleManager: Shutting down and abandoning module GameplayDebugger (126)
[2016.03.17-19.04.45:603][  9]LogModuleManager: Shutting down and abandoning module AIModule (125)
[2016.03.17-19.04.45:603][  9]LogModuleManager: Shutting down and abandoning module ProfilerService (124)
[2016.03.17-19.04.45:792][  9]LogModuleManager: Shutting down and abandoning module TaskGraph (123)
[2016.03.17-19.04.45:792][  9]LogModuleManager: Shutting down and abandoning module SlateRemote (122)
[2016.03.17-19.04.45:792][  9]LogModuleManager: Shutting down and abandoning module SteamVRController (121)
[2016.03.17-19.04.45:792][  9]LogModuleManager: Shutting down and abandoning module SteamVR (120)
[2016.03.17-19.04.45:792][  9]LogModuleManager: Shutting down and abandoning module ProceduralMeshComponent (119)
[2016.03.17-19.04.45:792][  9]LogModuleManager: Shutting down and abandoning module OculusLibrary (118)
[2016.03.17-19.04.45:792][  9]LogModuleManager: Shutting down and abandoning module OculusInput (117)
[2016.03.17-19.04.45:792][  9]LogModuleManager: Shutting down and abandoning module LeapMotionController (116)
[2016.03.17-19.04.45:801][  9]LogModuleManager: Shutting down and abandoning module CustomMeshComponent (115)
[2016.03.17-19.04.45:801][  9]LogModuleManager: Shutting down and abandoning module CableComponent (114)
[2016.03.17-19.04.45:801][  9]LogModuleManager: Shutting down and abandoning module ArchVisCharacter (113)
[2016.03.17-19.04.45:801][  9]LogModuleManager: Shutting down and abandoning module MessagingDebugger (112)
[2016.03.17-19.04.45:801][  9]LogModuleManager: Shutting down and abandoning module MediaPlayerEditor (111)
[2016.03.17-19.04.45:801][  9]LogModuleManager: Shutting down and abandoning module HTML5Networking (110)
[2016.03.17-19.04.45:801][  9]LogModuleManager: Shutting down and abandoning module SpeedTreeImporter (109)
[2016.03.17-19.04.45:801][  9]LogModuleManager: Shutting down and abandoning module PluginBrowser (108)
[2016.03.17-19.04.45:801][  9]LogModuleManager: Shutting down and abandoning module EpicSurvey (107)
[2016.03.17-19.04.45:802][  9]LogModuleManager: Shutting down and abandoning module VisualStudioSourceCodeAccess (106)
[2016.03.17-19.04.45:802][  9]LogModuleManager: Shutting down and abandoning module UObjectPlugin (105)
[2016.03.17-19.04.45:802][  9]LogModuleManager: Shutting down and abandoning module SubversionSourceControl (104)
[2016.03.17-19.04.45:802][  9]LogModuleManager: Shutting down and abandoning module PerforceSourceControl (103)
[2016.03.17-19.04.45:802][  9]LogModuleManager: Shutting down and abandoning module SourceControl (102)
[2016.03.17-19.04.45:802][  9]LogModuleManager: Shutting down and abandoning module GitSourceControl (101)
[2016.03.17-19.04.45:802][  9]LogModuleManager: Shutting down and abandoning module LightPropagationVolumeEditor (100)
[2016.03.17-19.04.45:802][  9]LogModuleManager: Shutting down and abandoning module PaperTiledImporter (99)
[2016.03.17-19.04.45:802][  9]LogModuleManager: Shutting down and abandoning module PaperSpriteSheetImporter (98)
[2016.03.17-19.04.45:802][  9]LogModuleManager: Shutting down and abandoning module MeshPaint (97)
[2016.03.17-19.04.45:802][  9]LogModuleManager: Shutting down and abandoning module SlateReflector (96)
[2016.03.17-19.04.45:802][  9]LogModuleManager: Shutting down and abandoning module HotReload (95)
[2016.03.17-19.04.45:802][  9]LogModuleManager: Shutting down and abandoning module MainFrame (94)
[2016.03.17-19.04.45:802][  9]LogModuleManager: Shutting down and abandoning module LevelEditor (93)
[2016.03.17-19.04.45:803][  9]LogModuleManager: Shutting down and abandoning module DirectoryWatcher (92)
[2016.03.17-19.04.45:804][  9]LogModuleManager: Shutting down and abandoning module AssetRegistry (91)
[2016.03.17-19.04.45:874][  9]LogModuleManager: Shutting down and abandoning module ContentBrowser (90)
[2016.03.17-19.04.45:875][  9]LogModuleManager: Shutting down and abandoning module Paper2DEditor (89)
[2016.03.17-19.04.45:875][  9]LogModuleManager: Shutting down and abandoning module BGH (88)
[2016.03.17-19.04.45:875][  9]LogModuleManager: Shutting down and abandoning module UdpMessaging (87)
[2016.03.17-19.04.45:976][  9]LogModuleManager: Shutting down and abandoning module LightPropagationVolumeRuntime (86)
[2016.03.17-19.04.45:976][  9]LogModuleManager: Shutting down and abandoning module Paper2D (85)
[2016.03.17-19.04.45:976][  9]LogModuleManager: Shutting down and abandoning module WindowsMoviePlayer (84)
[2016.03.17-19.04.45:979][  9]LogModuleManager: Shutting down and abandoning module Media (83)
[2016.03.17-19.04.45:979][  9]LogModuleManager: Shutting down and abandoning module WmfMedia (82)
[2016.03.17-19.04.45:980][  9]LogModuleManager: Shutting down and abandoning module OnlineBlueprintSupport (81)
[2016.03.17-19.04.45:980][  9]LogModuleManager: Shutting down and abandoning module GameplayTasksEditor (80)
[2016.03.17-19.04.45:980][  9]LogModuleManager: Shutting down and abandoning module PropertyEditor (79)
[2016.03.17-19.04.45:980][  9]LogModuleManager: Shutting down and abandoning module BehaviorTreeEditor (78)
[2016.03.17-19.04.45:980][  9]LogModuleManager: Shutting down and abandoning module FunctionalTesting (77)
[2016.03.17-19.04.45:980][  9]LogModuleManager: Shutting down and abandoning module CollisionAnalyzer (76)
[2016.03.17-19.04.45:980][  9]LogModuleManager: Shutting down and abandoning module WorkspaceMenuStructure (75)
[2016.03.17-19.04.45:980][  9]LogModuleManager: Shutting down and abandoning module MessageLog (74)
[2016.03.17-19.04.45:980][  9]LogModuleManager: Shutting down and abandoning module Sequencer (73)
[2016.03.17-19.04.45:980][  9]LogModuleManager: Shutting down and abandoning module AssetTools (72)
[2016.03.17-19.04.45:980][  9]LogModuleManager: Shutting down and abandoning module UMGEditor (71)
[2016.03.17-19.04.45:980][  9]LogModuleManager: Shutting down and abandoning module UMG (70)
[2016.03.17-19.04.45:980][  9]LogModuleManager: Shutting down and abandoning module Slate (69)
[2016.03.17-19.04.45:980][  9]LogModuleManager: Shutting down and abandoning module EditorStyle (68)
[2016.03.17-19.04.45:983][  9]LogModuleManager: Shutting down and abandoning module SessionServices (67)
[2016.03.17-19.04.45:983][  9]LogModuleManager: Shutting down and abandoning module SourceCodeAccess (66)
[2016.03.17-19.04.45:983][  9]LogModuleManager: Shutting down and abandoning module HeadMountedDisplay (65)
[2016.03.17-19.04.45:983][  9]LogModuleManager: Shutting down and abandoning module XAudio2 (64)
[2016.03.17-19.04.45:983][  9]LogModuleManager: Shutting down and abandoning module Networking (62)
[2016.03.17-19.04.45:983][  9]LogModuleManager: Shutting down and abandoning module Core (61)
[2016.03.17-19.04.45:983][  9]LogModuleManager: Shutting down and abandoning module KismetCompiler (60)
[2016.03.17-19.04.45:983][  9]LogModuleManager: Shutting down and abandoning module PhysXFormats (59)
[2016.03.17-19.04.45:983][  9]LogModuleManager: Shutting down and abandoning module MeshUtilities (58)
[2016.03.17-19.04.45:983][  9]LogModuleManager: Shutting down and abandoning module DerivedDataCache (57)
[2016.03.17-19.04.46:006][  9]LogDerivedDataCache: Shutdown
[2016.03.17-19.04.46:006][  9]LogModuleManager: Shutting down and abandoning module ShaderFormatOpenGL (56)
[2016.03.17-19.04.46:006][  9]LogModuleManager: Shutting down and abandoning module ShaderFormatD3D (55)
[2016.03.17-19.04.46:006][  9]LogModuleManager: Shutting down and abandoning module MetalShaderFormat (54)
[2016.03.17-19.04.46:006][  9]LogModuleManager: Shutting down and abandoning module TextureFormatUncompressed (53)
[2016.03.17-19.04.46:006][  9]LogModuleManager: Shutting down and abandoning module TextureFormatPVR (52)
[2016.03.17-19.04.46:006][  9]LogModuleManager: Shutting down and abandoning module TextureFormatIntelISPCTexComp (51)
[2016.03.17-19.04.46:006][  9]LogModuleManager: Shutting down and abandoning module TextureFormatDXT (50)
[2016.03.17-19.04.46:006][  9]LogModuleManager: Shutting down and abandoning module ImageWrapper (49)
[2016.03.17-19.04.46:006][  9]LogModuleManager: Shutting down and abandoning module TextureFormatASTC (48)
[2016.03.17-19.04.46:006][  9]LogModuleManager: Shutting down and abandoning module TextureFormatAndroid (47)
[2016.03.17-19.04.46:006][  9]LogModuleManager: Shutting down and abandoning module AudioFormatOpus (46)
[2016.03.17-19.04.46:006][  9]LogModuleManager: Shutting down and abandoning module AudioFormatOgg (45)
[2016.03.17-19.04.46:006][  9]LogModuleManager: Shutting down and abandoning module AudioFormatADPCM (44)
[2016.03.17-19.04.46:006][  9]LogModuleManager: Shutting down and abandoning module LinuxTargetPlatform (43)
[2016.03.17-19.04.46:006][  9]LogModuleManager: Shutting down and abandoning module LinuxServerTargetPlatform (42)
[2016.03.17-19.04.46:006][  9]LogModuleManager: Shutting down and abandoning module LinuxNoEditorTargetPlatform (41)
[2016.03.17-19.04.46:006][  9]LogModuleManager: Shutting down and abandoning module Messaging (40)
[2016.03.17-19.04.46:006][  9]LogModuleManager: Shutting down and abandoning module IOSTargetPlatform (39)
[2016.03.17-19.04.46:006][  9]LogModuleManager: Shutting down and abandoning module HTML5TargetPlatform (38)
[2016.03.17-19.04.46:006][  9]LogModuleManager: Shutting down and abandoning module Android_PVRTCTargetPlatform (37)
[2016.03.17-19.04.46:006][  9]LogModuleManager: Shutting down and abandoning module Android_MultiTargetPlatform (36)
[2016.03.17-19.04.46:006][  9]LogModuleManager: Shutting down and abandoning module Android_ETC2TargetPlatform (35)
[2016.03.17-19.04.46:006][  9]LogModuleManager: Shutting down and abandoning module Android_ETC1TargetPlatform (34)
[2016.03.17-19.04.46:006][  9]LogModuleManager: Shutting down and abandoning module Android_DXTTargetPlatform (33)
[2016.03.17-19.04.46:006][  9]LogModuleManager: Shutting down and abandoning module Android_ATCTargetPlatform (32)
[2016.03.17-19.04.46:006][  9]LogModuleManager: Shutting down and abandoning module Android_ASTCTargetPlatform (31)
[2016.03.17-19.04.46:006][  9]LogModuleManager: Shutting down and abandoning module AndroidTargetPlatform (30)
[2016.03.17-19.04.46:006][  9]LogModuleManager: Shutting down and abandoning module WindowsTargetPlatform (29)
[2016.03.17-19.04.46:006][  9]LogModuleManager: Shutting down and abandoning module WindowsServerTargetPlatform (28)
[2016.03.17-19.04.46:006][  9]LogModuleManager: Shutting down and abandoning module WindowsNoEditorTargetPlatform (27)
[2016.03.17-19.04.46:006][  9]LogModuleManager: Shutting down and abandoning module WindowsClientTargetPlatform (26)
[2016.03.17-19.04.46:006][  9]LogModuleManager: Shutting down and abandoning module AllDesktopTargetPlatform (25)
[2016.03.17-19.04.46:006][  9]LogModuleManager: Shutting down and abandoning module TargetPlatform (24)
[2016.03.17-19.04.46:006][  9]LogModuleManager: Shutting down and abandoning module InputCore (23)
[2016.03.17-19.04.46:006][  9]LogModuleManager: Shutting down and abandoning module Settings (22)
[2016.03.17-19.04.46:006][  9]LogModuleManager: Shutting down and abandoning module OnlineSubsystem (20)
[2016.03.17-19.04.46:006][  9]LogModuleManager: Shutting down and abandoning module HTTP (19)
[2016.03.17-19.04.47:008][  9]LogModuleManager: Shutting down and abandoning module XMPP (18)
[2016.03.17-19.04.47:008][  9]LogModuleManager: Shutting down and abandoning module OculusRift (17)
[2016.03.17-19.04.47:008][  9]LogModuleManager: Shutting down and abandoning module ExampleDeviceProfileSelector (16)
[2016.03.17-19.04.47:008][  9]LogModuleManager: Shutting down and abandoning module DesktopPlatform (15)
[2016.03.17-19.04.47:008][  9]LogModuleManager: Shutting down and abandoning module TextureCompressor (14)
[2016.03.17-19.04.47:008][  9]LogModuleManager: Shutting down and abandoning module ShaderCore (13)
[2016.03.17-19.04.47:008][  9]LogModuleManager: Shutting down and abandoning module Landscape (12)
[2016.03.17-19.04.47:008][  9]LogModuleManager: Shutting down and abandoning module SlateRHIRenderer (11)
[2016.03.17-19.04.47:009][  9]LogModuleManager: Shutting down and abandoning module OpenGLDrv (10)
[2016.03.17-19.04.47:009][  9]LogModuleManager: Shutting down and abandoning module D3D11RHI (9)
[2016.03.17-19.04.47:009][  9]LogModuleManager: Shutting down and abandoning module AnimGraphRuntime (8)
[2016.03.17-19.04.47:009][  9]LogModuleManager: Shutting down and abandoning module Renderer (7)
[2016.03.17-19.04.47:009][  9]LogModuleManager: Shutting down and abandoning module Engine (6)
[2016.03.17-19.04.47:009][  9]LogModuleManager: Shutting down and abandoning module CoreUObject (5)
[2016.03.17-19.04.47:009][  9]LogModuleManager: Shutting down and abandoning module NetworkFile (4)
[2016.03.17-19.04.47:009][  9]LogModuleManager: Shutting down and abandoning module StreamingFile (3)
[2016.03.17-19.04.47:009][  9]LogModuleManager: Shutting down and abandoning module SandboxFile (2)
[2016.03.17-19.04.47:009][  9]LogModuleManager: Shutting down and abandoning module PakFile (1)
[2016.03.17-19.04.47:010][  9]LogExit: Exiting.
[2016.03.17-19.04.47:020][  9]Log file closed, 03/17/16 19:04:47
